Search rep 1 (of 2)
random seed = 853654
gen	best_like	time	optPrecision
0	-101113.0297	28	0.5
10	-100820.8477	29	0.5
20	-99463.88968	29	0.5
30	-98493.98737	30	0.5
40	-98312.10553	30	0.5
50	-96647.35981	31	0.5
60	-94451.32369	32	0.5
70	-94064.80284	32	0.5
80	-92886.97454	33	0.5
90	-91512.29965	33	0.5
100	-90517.35366	34	0.5
110	-90300.81805	35	0.5
120	-88132.16511	35	0.5
130	-87799.9098	36	0.5
140	-86355.32816	36	0.5
150	-86125.06835	37	0.5
160	-86024.54664	37	0.5
170	-84979.84955	38	0.5
180	-84043.90482	39	0.5
190	-83362.52924	39	0.5
200	-83291.80983	40	0.5
210	-83244.34687	40	0.5
220	-82563.02346	41	0.5
230	-82522.44927	41	0.5
240	-82244.84075	42	0.5
250	-82198.90106	43	0.5
260	-80830.67788	43	0.5
270	-80297.86066	44	0.5
280	-79288.43519	44	0.5
290	-78557.51741	45	0.5
300	-78503.34478	45	0.5
310	-77614.54839	46	0.5
320	-76538.03957	46	0.5
330	-76464.59157	47	0.5
340	-76374.06924	47	0.5
350	-75778.65476	48	0.5
360	-75766.14777	49	0.5
370	-74619.89639	49	0.5
380	-74463.70233	50	0.5
390	-73808.87366	50	0.5
400	-73032.90792	51	0.5
410	-73006.33487	51	0.5
420	-72906.56377	52	0.5
430	-72490.89132	52	0.5
440	-72402.7476	53	0.5
450	-72367.59175	53	0.5
460	-71459.52105	54	0.5
470	-70690.6552	55	0.5
480	-70688.32998	55	0.5
490	-69774.10168	55	0.5
500	-69757.18877	56	0.5
510	-69755.54355	56	0.5
520	-69108.13277	57	0.5
530	-68939.8519	58	0.5
540	-68894.61966	58	0.5
550	-68894.61966	58	0.5
560	-68796.96332	59	0.5
570	-68790.00753	59	0.5
580	-68444.31206	60	0.5
590	-67838.85468	60	0.5
600	-67518.7818	61	0.5
610	-67517.0523	61	0.5
620	-67487.23389	62	0.5
630	-67414.65302	62	0.5
640	-67035.16876	63	0.5
650	-66784.98145	63	0.5
660	-66750.10446	64	0.5
670	-66597.70036	64	0.5
680	-66220.31136	65	0.5
690	-66136.73245	65	0.5
700	-66093.89128	66	0.5
710	-66092.51107	66	0.5
720	-66058.36884	67	0.5
730	-65768.39892	67	0.5
740	-65695.74167	68	0.5
750	-65692.96024	68	0.5
760	-65691.6879	68	0.5
770	-65619.21496	69	0.5
780	-65619.21496	69	0.5
790	-65611.13894	70	0.5
800	-65360.84324	70	0.5
810	-65360.84324	71	0.5
820	-65356.86001	71	0.5
830	-65356.86001	71	0.5
840	-65312.82483	72	0.5
850	-65250.44599	72	0.5
860	-65249.0973	73	0.5
870	-65249.0973	73	0.5
880	-65040.69938	74	0.5
890	-65040.69938	74	0.5
900	-64392.40941	75	0.5
910	-64358.59015	75	0.5
920	-64121.05938	75	0.5
930	-64117.93083	76	0.5
940	-63332.10981	77	0.5
950	-63151.38524	77	0.5
960	-63130.04928	78	0.5
970	-63105.35674	78	0.5
980	-63058.76922	79	0.5
990	-63057.42141	79	0.5
1000	-63053.1325	80	0.5
1010	-63049.23666	80	0.5
1020	-63029.46305	80	0.5
1030	-62910.53822	81	0.5
1040	-62833.42267	81	0.5
1050	-62763.86621	82	0.5
1060	-62763.86621	82	0.5
1070	-62642.16077	83	0.5
1080	-62640.95474	83	0.5
1090	-62525.13138	84	0.5
1100	-62393.83472	84	0.5
1110	-62393.83472	84	0.5
1120	-62392.95523	85	0.5
1130	-62392.80314	85	0.5
1140	-62391.57903	86	0.5
1150	-62378.72345	86	0.5
1160	-62090.94144	87	0.5
1170	-62088.69992	87	0.5
1180	-62080.29532	88	0.5
1190	-62069.99382	88	0.5
1200	-62063.35127	89	0.5
1210	-62063.23072	89	0.5
1220	-62062.75001	90	0.5
1230	-62062.68122	90	0.5
1240	-62062.50621	90	0.5
1250	-62062.50621	91	0.5
1260	-62061.42679	91	0.5
1270	-62055.81019	92	0.5
1280	-62015.87516	92	0.5
1290	-62012.65662	93	0.5
1300	-62005.35291	93	0.5
1310	-62001.09751	94	0.5
1320	-61999.26547	94	0.5
1330	-61999.26547	95	0.5
1340	-61998.18558	95	0.5
1350	-61997.93004	95	0.5
1360	-61997.64034	96	0.5
1370	-61997.44654	96	0.5
1380	-61997.44654	97	0.5
1390	-61997.44654	97	0.5
1400	-61997.11065	98	0.5
1410	-61997.00866	98	0.5
1420	-61996.73605	99	0.5
1430	-61996.30766	99	0.5
1440	-61996.30766	99	0.5
1450	-61994.66551	100	0.5
1460	-61994.15738	100	0.5
1470	-61994.15738	101	0.5
1480	-61994.11382	101	0.5
1490	-61994.08117	101	0.5
1500	-61993.82985	102	0.5
1510	-61993.40329	102	0.5
1520	-61993.40329	103	0.5
1530	-61993.31761	103	0.5
1540	-61990.30492	103	0.5
1550	-61989.41057	104	0.5
1560	-61989.06789	104	0.5
1570	-61988.92414	105	0.5
1580	-61988.87258	105	0.5
1590	-61988.23504	106	0.5
1600	-61988.1565	106	0.5
1610	-61988.1565	107	0.5
1620	-61988.04424	107	0.5
1630	-61988.04424	107	0.5
1640	-61988.03059	108	0.5
1650	-61984.7538	108	0.5
1660	-61984.7538	108	0.5
1670	-61984.7538	109	0.5
1680	-61984.62581	109	0.5
1690	-61984.61309	110	0.5
1700	-61984.61134	110	0.5
1710	-61983.96933	110	0.5
1720	-61983.66791	111	0.5
1730	-61982.69771	111	0.5
1740	-61982.47128	112	0.5
1750	-61981.3041	112	0.5
1760	-61980.20534	112	0.5
1770	-61979.03001	113	0.5
1780	-61976.76125	113	0.5
1790	-61976.42917	114	0.5
1800	-61976.37419	114	0.5
1810	-61961.56735	115	0.451
1820	-61959.23752	115	0.451
1830	-61956.71346	116	0.451
1840	-61955.99748	116	0.451
1850	-61955.48605	117	0.451
1860	-61954.68549	117	0.451
1870	-61954.40884	117	0.451
1880	-61952.83534	118	0.451
1890	-61952.37856	118	0.451
1900	-61951.65761	118	0.451
1910	-61951.65235	119	0.451
1920	-61951.59713	119	0.451
1930	-61951.17277	119	0.451
1940	-61950.53516	120	0.451
1950	-61950.53516	120	0.451
1960	-61950.35345	121	0.451
1970	-61950.05876	121	0.451
1980	-61950.00055	121	0.451
1990	-61949.63206	122	0.451
2000	-61949.59783	122	0.451
2010	-61949.38491	122	0.451
2020	-61949.26204	123	0.451
2030	-61948.93053	123	0.451
2040	-61948.90858	123	0.451
2050	-61948.43717	124	0.451
2060	-61947.74497	124	0.451
2070	-61947.7316	125	0.451
2080	-61947.50315	125	0.451
2090	-61947.38546	125	0.451
2100	-61947.10593	126	0.451
2110	-61947.10593	126	0.451
2120	-61946.99735	127	0.451
2130	-61946.99083	127	0.451
2140	-61946.99083	127	0.451
2150	-61946.81033	128	0.451
2160	-61946.58654	128	0.451
2170	-61946.33899	128	0.451
2180	-61946.29242	129	0.451
2190	-61946.26008	129	0.451
2200	-61946.07696	130	0.451
2210	-61945.35873	130	0.451
2220	-61945.22316	131	0.451
2230	-61945.01116	131	0.451
2240	-61944.73236	131	0.451
2250	-61944.6034	132	0.451
2260	-61944.47679	132	0.451
2270	-61944.30789	132	0.451
2280	-61944.25421	133	0.451
2290	-61944.08589	133	0.451
2300	-61944.01816	134	0.451
2310	-61943.38042	135	0.402
2320	-61943.26118	135	0.402
2330	-61943.26118	135	0.402
2340	-61943.15644	136	0.402
2350	-61943.0575	136	0.402
2360	-61942.92033	137	0.402
2370	-61942.91245	137	0.402
2380	-61942.91204	137	0.402
2390	-61942.85258	138	0.402
2400	-61942.79415	138	0.402
2410	-61942.75186	138	0.402
2420	-61942.69282	139	0.402
2430	-61942.57882	139	0.402
2440	-61942.57882	140	0.402
2450	-61942.57882	140	0.402
2460	-61942.5157	140	0.402
2470	-61942.5157	141	0.402
2480	-61942.5157	141	0.402
2490	-61942.5157	141	0.402
2500	-61942.35378	142	0.402
2510	-61942.35378	142	0.402
2520	-61942.25998	143	0.402
2530	-61942.25998	143	0.402
2540	-61942.18145	143	0.402
2550	-61942.18145	144	0.402
2560	-61942.12635	144	0.402
2570	-61942.12635	144	0.402
2580	-61942.06024	145	0.402
2590	-61942.06007	145	0.402
2600	-61942.05506	146	0.402
2610	-61942.04805	146	0.402
2620	-61942.0168	146	0.402
2630	-61941.98237	147	0.402
2640	-61941.98237	147	0.402
2650	-61941.94993	147	0.402
2660	-61941.91322	148	0.402
2670	-61941.91322	148	0.402
2680	-61941.91322	148	0.402
2690	-61941.82912	149	0.402
2700	-61941.7881	149	0.402
2710	-61941.68605	150	0.402
2720	-61941.58352	150	0.402
2730	-61941.55879	150	0.402
2740	-61941.55879	151	0.402
2750	-61941.55879	151	0.402
2760	-61941.55879	152	0.402
2770	-61941.55879	152	0.402
2780	-61941.5493	152	0.402
2790	-61941.5493	153	0.402
2800	-61941.5493	153	0.402
2810	-61941.5323	154	0.353
2820	-61941.43144	154	0.353
2830	-61941.43144	155	0.353
2840	-61941.42789	155	0.353
2850	-61941.35644	156	0.353
2860	-61941.35474	156	0.353
2870	-61941.35474	156	0.353
2880	-61941.35474	157	0.353
2890	-61941.34281	157	0.353
2900	-61941.34281	157	0.353
2910	-61941.25392	158	0.353
2920	-61941.21509	158	0.353
2930	-61941.21509	159	0.353
2940	-61941.21509	159	0.353
2950	-61941.20291	159	0.353
2960	-61941.20291	160	0.353
2970	-61941.11279	160	0.353
2980	-61941.11279	161	0.353
2990	-61940.83965	161	0.353
3000	-61940.80614	161	0.353
3010	-61940.80614	162	0.353
3020	-61940.80614	162	0.353
3030	-61940.77818	162	0.353
3040	-61940.7028	163	0.353
3050	-61940.6949	163	0.353
3060	-61940.6949	164	0.353
3070	-61940.6949	164	0.353
3080	-61940.6949	164	0.353
3090	-61940.6949	165	0.353
3100	-61940.68316	165	0.353
3110	-61940.68316	165	0.353
3120	-61940.68316	166	0.353
3130	-61940.5748	166	0.353
3140	-61940.5748	166	0.353
3150	-61940.54833	167	0.353
3160	-61940.51229	167	0.353
3170	-61940.51229	168	0.353
3180	-61940.51229	168	0.353
3190	-61940.48176	168	0.353
3200	-61940.48176	169	0.353
3210	-61940.48176	169	0.353
3220	-61940.48176	170	0.353
3230	-61940.48176	170	0.353
3240	-61940.4817	170	0.353
3250	-61940.4817	171	0.353
3260	-61940.46987	171	0.353
3270	-61940.46987	171	0.353
3280	-61940.45548	172	0.353
3290	-61940.43326	172	0.353
3300	-61940.43326	173	0.353
3310	-61939.97375	174	0.304
3320	-61939.97	174	0.304
3330	-61939.87403	174	0.304
3340	-61939.8659	175	0.304
3350	-61939.83332	175	0.304
3360	-61939.83332	176	0.304
3370	-61939.75762	176	0.304
3380	-61939.75762	176	0.304
3390	-61939.75762	177	0.304
3400	-61939.75762	177	0.304
3410	-61939.75762	178	0.304
3420	-61939.74678	178	0.304
3430	-61939.73744	178	0.304
3440	-61939.73443	179	0.304
3450	-61939.73443	179	0.304
3460	-61939.71705	179	0.304
3470	-61939.69166	180	0.304
3480	-61939.69166	180	0.304
3490	-61939.69166	181	0.304
3500	-61939.69166	181	0.304
3510	-61939.67519	181	0.304
3520	-61939.67519	182	0.304
3530	-61939.67519	182	0.304
3540	-61939.67519	182	0.304
3550	-61939.6222	183	0.304
3560	-61939.59002	183	0.304
3570	-61939.57998	184	0.304
3580	-61939.55716	184	0.304
3590	-61939.55265	184	0.304
3600	-61939.55265	185	0.304
3610	-61939.55265	185	0.304
3620	-61939.55265	186	0.304
3630	-61939.52605	186	0.304
3640	-61939.49636	186	0.304
3650	-61939.45737	187	0.304
3660	-61939.45737	187	0.304
3670	-61939.38636	188	0.304
3680	-61939.38636	188	0.304
3690	-61939.38636	188	0.304
3700	-61939.38284	189	0.304
3710	-61939.38283	189	0.304
3720	-61939.38147	190	0.304
3730	-61939.38147	190	0.304
3740	-61939.38147	190	0.304
3750	-61939.37762	191	0.304
3760	-61939.37725	191	0.304
3770	-61939.37725	191	0.304
3780	-61939.37683	192	0.304
3790	-61939.37683	192	0.304
3800	-61939.36642	193	0.304
3810	-61939.35423	194	0.255
3820	-61939.35423	194	0.255
3830	-61939.35423	195	0.255
3840	-61939.35423	195	0.255
3850	-61939.34593	195	0.255
3860	-61939.31991	196	0.255
3870	-61939.31991	196	0.255
3880	-61939.31991	196	0.255
3890	-61939.2903	197	0.255
3900	-61939.28761	197	0.255
3910	-61939.28696	198	0.255
3920	-61939.28095	198	0.255
3930	-61939.28095	199	0.255
3940	-61939.28095	199	0.255
3950	-61939.28066	199	0.255
3960	-61939.28066	200	0.255
3970	-61939.28066	200	0.255
3980	-61939.22923	201	0.255
3990	-61939.22923	201	0.255
4000	-61939.22923	201	0.255
4010	-61939.22923	202	0.255
4020	-61939.22923	202	0.255
4030	-61939.22817	203	0.255
4040	-61939.15429	203	0.255
4050	-61939.15429	203	0.255
4060	-61939.10709	204	0.255
4070	-61939.10709	204	0.255
4080	-61939.10709	205	0.255
4090	-61939.10709	205	0.255
4100	-61939.10709	205	0.255
4110	-61939.10709	206	0.255
4120	-61939.10541	206	0.255
4130	-61939.08723	207	0.255
4140	-61939.08723	207	0.255
4150	-61939.08723	207	0.255
4160	-61939.08723	208	0.255
4170	-61939.06628	208	0.255
4180	-61939.033	209	0.255
4190	-61938.98242	209	0.255
4200	-61938.98242	209	0.255
4210	-61938.98242	210	0.255
4220	-61938.98242	210	0.255
4230	-61938.98242	211	0.255
4240	-61938.98242	211	0.255
4250	-61938.98242	212	0.255
4260	-61938.98242	212	0.255
4270	-61938.98242	212	0.255
4280	-61938.98242	213	0.255
4290	-61938.98242	213	0.255
4300	-61938.9732	214	0.255
4310	-61938.64161	215	0.206
4320	-61938.64161	215	0.206
4330	-61938.62753	216	0.206
4340	-61938.62753	216	0.206
4350	-61938.62753	216	0.206
4360	-61938.62753	217	0.206
4370	-61938.62753	217	0.206
4380	-61938.62753	218	0.206
4390	-61938.62753	218	0.206
4400	-61938.62753	218	0.206
4410	-61938.62753	219	0.206
4420	-61938.62753	219	0.206
4430	-61938.62753	220	0.206
4440	-61938.62753	220	0.206
4450	-61938.62753	221	0.206
4460	-61938.58885	221	0.206
4470	-61938.58527	221	0.206
4480	-61938.58527	222	0.206
4490	-61938.58048	222	0.206
4500	-61938.54276	223	0.206
4510	-61938.54276	223	0.206
4520	-61938.54276	223	0.206
4530	-61938.54276	224	0.206
4540	-61938.51489	224	0.206
4550	-61938.51489	225	0.206
4560	-61938.51489	225	0.206
4570	-61938.51489	225	0.206
4580	-61938.51139	226	0.206
4590	-61938.51139	226	0.206
4600	-61938.51139	227	0.206
4610	-61938.51139	227	0.206
4620	-61938.51139	227	0.206
4630	-61938.51139	228	0.206
4640	-61938.51139	228	0.206
4650	-61938.51139	229	0.206
4660	-61938.51103	229	0.206
4670	-61938.51103	230	0.206
4680	-61938.51103	230	0.206
4690	-61938.51103	230	0.206
4700	-61938.51103	231	0.206
4710	-61938.46659	231	0.206
4720	-61938.46659	231	0.206
4730	-61938.46659	232	0.206
4740	-61938.45889	232	0.206
4750	-61938.44334	233	0.206
4760	-61938.4303	233	0.206
4770	-61938.4303	234	0.206
4780	-61938.4303	234	0.206
4790	-61938.4303	234	0.206
4800	-61938.4303	235	0.206
4810	-61938.42635	236	0.157
4820	-61938.42439	236	0.157
4830	-61938.42439	237	0.157
4840	-61938.42439	237	0.157
4850	-61938.42439	238	0.157
4860	-61938.42439	238	0.157
4870	-61938.42439	238	0.157
4880	-61938.42439	239	0.157
4890	-61938.42439	239	0.157
4900	-61938.42439	240	0.157
4910	-61938.42439	240	0.157
4920	-61938.42439	241	0.157
4930	-61938.42439	241	0.157
4940	-61938.39937	241	0.157
4950	-61938.39937	242	0.157
4960	-61938.39937	242	0.157
4970	-61938.39347	243	0.157
4980	-61938.39347	243	0.157
4990	-61938.36126	243	0.157
5000	-61938.36126	244	0.157
5010	-61938.35696	244	0.157
5020	-61938.35696	245	0.157
5030	-61938.35696	245	0.157
5040	-61938.35696	245	0.157
5050	-61938.35696	246	0.157
5060	-61938.35696	246	0.157
5070	-61938.35696	247	0.157
5080	-61938.35696	247	0.157
5090	-61938.35696	248	0.157
5100	-61938.35696	248	0.157
5110	-61938.3504	248	0.157
5120	-61938.34058	249	0.157
5130	-61938.34058	249	0.157
5140	-61938.32831	250	0.157
5150	-61938.32831	250	0.157
5160	-61938.32607	250	0.157
5170	-61938.32607	251	0.157
5180	-61938.32607	251	0.157
5190	-61938.32573	252	0.157
5200	-61938.32573	252	0.157
5210	-61938.32316	253	0.157
5220	-61938.32316	253	0.157
5230	-61938.32316	253	0.157
5240	-61938.32316	254	0.157
5250	-61938.32316	254	0.157
5260	-61938.32316	255	0.157
5270	-61938.32316	255	0.157
5280	-61938.32316	255	0.157
5290	-61938.32316	256	0.157
5300	-61938.32316	256	0.157
5310	-61938.18049	257	0.108
5320	-61938.18049	258	0.108
5330	-61938.18049	258	0.108
5340	-61938.18049	259	0.108
5350	-61938.18049	259	0.108
5360	-61938.18049	259	0.108
5370	-61938.18049	260	0.108
5380	-61938.18049	260	0.108
5390	-61938.18049	261	0.108
5400	-61938.18049	261	0.108
5410	-61938.18049	262	0.108
5420	-61938.18049	262	0.108
5430	-61938.18049	262	0.108
5440	-61938.18049	263	0.108
5450	-61938.18049	263	0.108
5460	-61938.16913	264	0.108
5470	-61938.16913	264	0.108
5480	-61938.16913	265	0.108
5490	-61938.16913	265	0.108
5500	-61938.16913	265	0.108
5510	-61938.16913	266	0.108
5520	-61938.16913	266	0.108
5530	-61938.16913	267	0.108
5540	-61938.16459	267	0.108
5550	-61938.16459	268	0.108
5560	-61938.16459	268	0.108
5570	-61938.16204	269	0.108
5580	-61938.16204	269	0.108
5590	-61938.16204	269	0.108
5600	-61938.16204	270	0.108
5610	-61938.16204	270	0.108
5620	-61938.16204	271	0.108
5630	-61938.16204	271	0.108
5640	-61938.16014	272	0.108
5650	-61938.16014	272	0.108
5660	-61938.16014	272	0.108
5670	-61938.16014	273	0.108
5680	-61938.16014	273	0.108
5690	-61938.16014	274	0.108
5700	-61938.16014	274	0.108
5710	-61938.16014	275	0.108
5720	-61938.15411	275	0.108
5730	-61938.15411	276	0.108
5740	-61938.15411	276	0.108
5750	-61938.15411	276	0.108
5760	-61938.15411	277	0.108
5770	-61938.15411	277	0.108
5780	-61938.15279	278	0.108
5790	-61938.15279	278	0.108
5800	-61938.15279	279	0.108
5810	-61938.15148	280	0.059
5820	-61938.15148	280	0.059
5830	-61938.15148	281	0.059
5840	-61938.15148	281	0.059
5850	-61938.14086	282	0.059
5860	-61938.14086	282	0.059
5870	-61938.14086	283	0.059
5880	-61938.14086	283	0.059
5890	-61938.14086	284	0.059
5900	-61938.14086	284	0.059
5910	-61938.14086	284	0.059
5920	-61938.14086	285	0.059
5930	-61938.14086	285	0.059
5940	-61938.14086	286	0.059
5950	-61938.14086	286	0.059
5960	-61938.14086	287	0.059
5970	-61938.14086	287	0.059
5980	-61938.14086	287	0.059
5990	-61938.14086	288	0.059
6000	-61938.14086	288	0.059
6010	-61938.14086	289	0.059
6020	-61938.14086	289	0.059
6030	-61938.14086	290	0.059
6040	-61938.14086	290	0.059
6050	-61938.14086	290	0.059
6060	-61938.14086	291	0.059
6070	-61938.14086	291	0.059
6080	-61938.14086	292	0.059
6090	-61938.14086	292	0.059
6100	-61938.14086	293	0.059
6110	-61938.14086	293	0.059
6120	-61938.13994	294	0.059
6130	-61938.13994	294	0.059
6140	-61938.13994	294	0.059
6150	-61938.13994	295	0.059
6160	-61938.13994	295	0.059
6170	-61938.13994	296	0.059
6180	-61938.13994	296	0.059
6190	-61938.13994	296	0.059
6200	-61938.13994	297	0.059
6210	-61938.13994	297	0.059
6220	-61938.13978	298	0.059
6230	-61938.13978	298	0.059
6240	-61938.13978	299	0.059
6250	-61938.13978	299	0.059
6260	-61938.13978	300	0.059
6270	-61938.13978	300	0.059
6280	-61938.13978	300	0.059
6290	-61938.13978	301	0.059
6300	-61938.13219	301	0.059
6310	-61937.59167	303	0.01
6320	-61937.59167	303	0.01
6330	-61937.58559	304	0.01
6340	-61937.58559	304	0.01
6350	-61937.58559	305	0.01
6360	-61937.58559	305	0.01
6370	-61937.58559	306	0.01
6380	-61937.58559	306	0.01
6390	-61937.58559	307	0.01
6400	-61937.58559	307	0.01
6410	-61937.58559	307	0.01
6420	-61937.58559	308	0.01
6430	-61937.58559	308	0.01
6440	-61937.58559	309	0.01
6450	-61937.58559	309	0.01
6460	-61937.58559	310	0.01
6470	-61937.58559	310	0.01
6480	-61937.58559	311	0.01
6490	-61937.58559	311	0.01
6500	-61937.58494	312	0.01
6510	-61937.5768	312	0.01
6520	-61937.5768	312	0.01
6530	-61937.57584	313	0.01
6540	-61937.57584	313	0.01
6550	-61937.57584	314	0.01
6560	-61937.57584	314	0.01
6570	-61937.57557	315	0.01
6580	-61937.57557	315	0.01
6590	-61937.57557	316	0.01
6600	-61937.57557	316	0.01
6610	-61937.57557	317	0.01
6620	-61937.57557	317	0.01
6630	-61937.57557	318	0.01
6640	-61937.57463	318	0.01
6650	-61937.57463	318	0.01
6660	-61937.57463	319	0.01
6670	-61937.57463	319	0.01
6680	-61937.57463	320	0.01
6690	-61937.57463	320	0.01
6700	-61937.57463	321	0.01
6710	-61937.57463	321	0.01
6720	-61937.57449	322	0.01
6730	-61937.57449	322	0.01
6740	-61937.57449	322	0.01
6750	-61937.57449	323	0.01
6760	-61937.57449	323	0.01
6770	-61937.57449	324	0.01
6780	-61937.57449	324	0.01
6790	-61937.57449	325	0.01
6800	-61937.5711	325	0.01
6810	-61937.5711	326	0.01
6820	-61937.5711	326	0.01
6830	-61937.5711	327	0.01
6840	-61937.5711	327	0.01
6850	-61937.5711	328	0.01
6860	-61937.5711	328	0.01
6870	-61937.57021	328	0.01
6880	-61937.56976	329	0.01
6890	-61937.56976	329	0.01
6900	-61937.56976	330	0.01
6910	-61937.56976	330	0.01
6920	-61937.56976	331	0.01
6930	-61937.56976	331	0.01
6940	-61937.56976	332	0.01
6950	-61937.56976	332	0.01
6960	-61937.56976	333	0.01
6970	-61937.56976	333	0.01
6980	-61937.56976	334	0.01
6990	-61937.56976	334	0.01
7000	-61937.56976	335	0.01
7010	-61937.56976	335	0.01
7020	-61937.56976	335	0.01
7030	-61937.56976	336	0.01
7040	-61937.56976	336	0.01
7050	-61937.56976	337	0.01
7060	-61937.56976	337	0.01
7070	-61937.56976	338	0.01
7080	-61937.56976	338	0.01
7090	-61937.56976	339	0.01
7100	-61937.56976	339	0.01
7110	-61937.56976	340	0.01
7120	-61937.56976	340	0.01
7130	-61937.56976	341	0.01
7140	-61937.56976	341	0.01
7150	-61937.56976	342	0.01
7160	-61937.56976	342	0.01
7170	-61937.56976	342	0.01
7180	-61937.56976	343	0.01
7190	-61937.56976	343	0.01
7200	-61937.56976	344	0.01
7210	-61937.56976	344	0.01
7220	-61937.56976	345	0.01
7230	-61937.56754	345	0.01
7240	-61937.56754	346	0.01
7250	-61937.56754	346	0.01
7260	-61937.56754	347	0.01
7270	-61937.56754	347	0.01
7280	-61937.56754	348	0.01
7290	-61937.56754	348	0.01
7300	-61937.56754	349	0.01
7310	-61937.56754	349	0.01
7320	-61937.56754	349	0.01
7330	-61937.56754	350	0.01
7340	-61937.56749	350	0.01
7350	-61937.56749	351	0.01
7360	-61937.56749	351	0.01
7370	-61937.56749	352	0.01
7380	-61937.56749	352	0.01
7390	-61937.56689	353	0.01
7400	-61937.56689	353	0.01
7410	-61937.56689	354	0.01
7420	-61937.56689	354	0.01
7430	-61937.56689	355	0.01
7440	-61937.56689	355	0.01
7450	-61937.56689	355	0.01
7460	-61937.56689	356	0.01
7470	-61937.56689	356	0.01
7480	-61937.56689	357	0.01
7490	-61937.56689	357	0.01
7500	-61937.56373	358	0.01
7510	-61937.56373	358	0.01
7520	-61937.56373	359	0.01
7530	-61937.56373	359	0.01
7540	-61937.56373	360	0.01
7550	-61937.5637	360	0.01
7560	-61937.5637	361	0.01
7570	-61937.5637	361	0.01
7580	-61937.5637	361	0.01
7590	-61937.5637	362	0.01
7600	-61937.5637	362	0.01
7610	-61937.56026	363	0.01
7620	-61937.56026	363	0.01
7630	-61937.56026	364	0.01
7640	-61937.56026	364	0.01
7650	-61937.56026	365	0.01
7660	-61937.56026	365	0.01
7670	-61937.56026	366	0.01
7680	-61937.56026	366	0.01
7690	-61937.56026	367	0.01
7700	-61937.56026	367	0.01
7710	-61937.56026	367	0.01
7720	-61937.56026	368	0.01
7730	-61937.56026	368	0.01
7740	-61937.56026	369	0.01
7750	-61937.56026	369	0.01
7760	-61937.56026	370	0.01
7770	-61937.56026	370	0.01
7780	-61937.56026	371	0.01
7790	-61937.56026	371	0.01
7800	-61937.56026	372	0.01
7810	-61937.56026	372	0.01
7820	-61937.56026	373	0.01
7830	-61937.56026	373	0.01
7840	-61937.56026	373	0.01
7850	-61937.56026	374	0.01
7860	-61937.55985	374	0.01
7870	-61937.55985	375	0.01
7880	-61937.55985	375	0.01
7890	-61937.55985	376	0.01
7900	-61937.55985	376	0.01
7910	-61937.55985	377	0.01
7920	-61937.55985	377	0.01
7930	-61937.55985	378	0.01
7940	-61937.55985	378	0.01
7950	-61937.55985	378	0.01
7960	-61937.55985	379	0.01
7970	-61937.55985	379	0.01
7980	-61937.55985	380	0.01
7990	-61937.55985	380	0.01
8000	-61937.55985	381	0.01
8010	-61937.55985	381	0.01
8020	-61937.55985	382	0.01
8030	-61937.55985	382	0.01
8040	-61937.55985	383	0.01
8050	-61937.55985	383	0.01
8060	-61937.55985	384	0.01
8070	-61937.55953	384	0.01
8080	-61937.55953	385	0.01
8090	-61937.55953	385	0.01
8100	-61937.55953	385	0.01
8110	-61937.55953	386	0.01
8120	-61937.55953	386	0.01
8130	-61937.55953	387	0.01
8140	-61937.55953	387	0.01
8150	-61937.55953	388	0.01
8160	-61937.55941	388	0.01
8170	-61937.55941	389	0.01
8180	-61937.55941	389	0.01
8190	-61937.55941	390	0.01
8200	-61937.55941	390	0.01
8210	-61937.55941	391	0.01
8220	-61937.55672	391	0.01
8230	-61937.55672	392	0.01
8240	-61937.55672	392	0.01
8250	-61937.55672	392	0.01
8260	-61937.55672	393	0.01
8270	-61937.55672	393	0.01
8280	-61937.55672	394	0.01
8290	-61937.55672	394	0.01
8300	-61937.55672	395	0.01
8310	-61937.551	395	0.01
8320	-61937.551	396	0.01
8330	-61937.551	396	0.01
8340	-61937.551	397	0.01
8350	-61937.54953	397	0.01
8360	-61937.54953	397	0.01
8370	-61937.54953	398	0.01
8380	-61937.54953	398	0.01
8390	-61937.54953	399	0.01
8400	-61937.54953	399	0.01
8410	-61937.54953	400	0.01
8420	-61937.54953	400	0.01
8430	-61937.54953	401	0.01
8440	-61937.54765	401	0.01
8450	-61937.54765	402	0.01
8460	-61937.54765	402	0.01
8470	-61937.54765	403	0.01
8480	-61937.54765	403	0.01
8490	-61937.54765	404	0.01
8500	-61937.54765	404	0.01
8510	-61937.54765	405	0.01
8520	-61937.54765	405	0.01
8530	-61937.54765	406	0.01
8540	-61937.54765	406	0.01
8550	-61937.54765	406	0.01
8560	-61937.54765	407	0.01
8570	-61937.54765	407	0.01
8580	-61937.54765	408	0.01
8590	-61937.54574	408	0.01
8600	-61937.54574	409	0.01
8610	-61937.54574	409	0.01
8620	-61937.54574	410	0.01
8630	-61937.54574	410	0.01
8640	-61937.54574	411	0.01
8650	-61937.54574	411	0.01
8660	-61937.54574	412	0.01
8670	-61937.54574	412	0.01
8680	-61937.54574	412	0.01
8690	-61937.54574	413	0.01
8700	-61937.54574	413	0.01
8710	-61937.54574	414	0.01
8720	-61937.54574	414	0.01
8730	-61937.54574	415	0.01
8740	-61937.54574	415	0.01
8750	-61937.54574	416	0.01
8760	-61937.53561	416	0.01
8770	-61937.53561	417	0.01
8780	-61937.53561	417	0.01
8790	-61937.53561	418	0.01
8800	-61937.53561	418	0.01
8810	-61937.53561	418	0.01
8820	-61937.53561	419	0.01
8830	-61937.53561	419	0.01
8840	-61937.53561	420	0.01
8850	-61937.53561	420	0.01
8860	-61937.53561	421	0.01
8870	-61937.53561	421	0.01
8880	-61937.53561	422	0.01
8890	-61937.53561	422	0.01
8900	-61937.53561	423	0.01
8910	-61937.53561	423	0.01
8920	-61937.53561	424	0.01
8930	-61937.53561	424	0.01
8940	-61937.53561	424	0.01
8950	-61937.53111	425	0.01
8960	-61937.53111	425	0.01
8970	-61937.53111	426	0.01
8980	-61937.53111	426	0.01
8990	-61937.53111	427	0.01
9000	-61937.5311	427	0.01
9010	-61937.5311	428	0.01
9020	-61937.5311	428	0.01
9030	-61937.5311	429	0.01
9040	-61937.5311	429	0.01
9050	-61937.5311	430	0.01
9060	-61937.5311	430	0.01
9070	-61937.5311	431	0.01
9080	-61937.5311	431	0.01
9090	-61937.5311	432	0.01
9100	-61937.5311	432	0.01
9110	-61937.5311	433	0.01
9120	-61937.5311	433	0.01
9130	-61937.5311	434	0.01
9140	-61937.5311	434	0.01
9150	-61937.5311	435	0.01
9160	-61937.5311	435	0.01
9170	-61937.5311	436	0.01
9180	-61937.5311	436	0.01
9190	-61937.53099	437	0.01
9200	-61937.53099	437	0.01
9210	-61937.52608	438	0.01
9220	-61937.52608	438	0.01
9230	-61937.52601	439	0.01
9240	-61937.52601	439	0.01
9250	-61937.52601	440	0.01
9260	-61937.52601	440	0.01
9270	-61937.52601	441	0.01
9280	-61937.52601	441	0.01
9290	-61937.52601	442	0.01
9300	-61937.52601	442	0.01
9310	-61937.52601	443	0.01
9320	-61937.52551	443	0.01
9330	-61937.52551	444	0.01
9340	-61937.52551	444	0.01
9350	-61937.52551	445	0.01
9360	-61937.52551	445	0.01
9370	-61937.52551	446	0.01
9380	-61937.52551	446	0.01
9390	-61937.52551	447	0.01
9400	-61937.52551	447	0.01
9410	-61937.52551	448	0.01
9420	-61937.52551	448	0.01
9430	-61937.52551	448	0.01
9440	-61937.52551	449	0.01
9450	-61937.52551	449	0.01
9460	-61937.52551	450	0.01
9470	-61937.52551	450	0.01
9480	-61937.52363	451	0.01
9490	-61937.52363	451	0.01
9500	-61937.52363	452	0.01
9510	-61937.52363	452	0.01
9520	-61937.52363	453	0.01
9530	-61937.52363	453	0.01
9540	-61937.52363	454	0.01
9550	-61937.52363	454	0.01
9560	-61937.52363	454	0.01
9570	-61937.52276	455	0.01
9580	-61937.52276	455	0.01
9590	-61937.52276	456	0.01
9600	-61937.52276	456	0.01
9610	-61937.51673	457	0.01
9620	-61937.51673	457	0.01
9630	-61937.51673	458	0.01
9640	-61937.51673	458	0.01
9650	-61937.51673	459	0.01
9660	-61937.51673	459	0.01
9670	-61937.51673	460	0.01
9680	-61937.51673	460	0.01
9690	-61937.51673	461	0.01
9700	-61937.51673	461	0.01
9710	-61937.51673	462	0.01
9720	-61937.51673	462	0.01
9730	-61937.51566	463	0.01
9740	-61937.51566	463	0.01
9750	-61937.51566	464	0.01
9760	-61937.51566	464	0.01
9770	-61937.51566	465	0.01
9780	-61937.51566	465	0.01
9790	-61937.51566	466	0.01
9800	-61937.51566	466	0.01
9810	-61937.51566	467	0.01
9820	-61937.51566	467	0.01
9830	-61937.51566	468	0.01
9840	-61937.51566	468	0.01
9850	-61937.51566	468	0.01
9860	-61937.51566	469	0.01
9870	-61937.51566	469	0.01
9880	-61937.51566	470	0.01
9890	-61937.51566	470	0.01
9900	-61937.51566	471	0.01
9910	-61937.51566	471	0.01
9920	-61937.51566	472	0.01
9930	-61937.51566	472	0.01
9940	-61937.51566	473	0.01
9950	-61937.51566	473	0.01
9960	-61937.51566	474	0.01
9970	-61937.51566	474	0.01
9980	-61937.51562	475	0.01
9990	-61937.51562	475	0.01
10000	-61937.51562	476	0.01
10010	-61937.51562	476	0.01
10020	-61937.51562	477	0.01
10030	-61937.51562	477	0.01
10040	-61937.51562	477	0.01
10050	-61937.51562	478	0.01
10060	-61937.51562	479	0.01
10070	-61937.51562	479	0.01
10080	-61937.51562	479	0.01
10090	-61937.51557	480	0.01
10100	-61937.51557	480	0.01
10110	-61937.51557	481	0.01
10120	-61937.51557	481	0.01
10130	-61937.51557	482	0.01
10140	-61937.51557	482	0.01
10150	-61937.51557	483	0.01
10160	-61937.51557	483	0.01
10170	-61937.51557	484	0.01
10180	-61937.51557	484	0.01
10190	-61937.51516	485	0.01
10200	-61937.51516	485	0.01
10210	-61937.51516	485	0.01
10220	-61937.51516	486	0.01
10230	-61937.51516	486	0.01
10240	-61937.51516	487	0.01
10250	-61937.51516	487	0.01
10260	-61937.51516	488	0.01
10270	-61937.51516	488	0.01
10280	-61937.51516	489	0.01
10290	-61937.51516	489	0.01
10300	-61937.51469	489	0.01
10310	-61937.51469	490	0.01
10320	-61937.51469	490	0.01
10330	-61937.51469	491	0.01
10340	-61937.51469	491	0.01
10350	-61937.51469	492	0.01
10360	-61937.51197	492	0.01
10370	-61937.51197	493	0.01
10380	-61937.51197	493	0.01
10390	-61937.51197	494	0.01
10400	-61937.51197	494	0.01
10410	-61937.51197	495	0.01
10420	-61937.51197	495	0.01
10430	-61937.51197	496	0.01
10440	-61937.51197	496	0.01
10450	-61937.51197	496	0.01
10460	-61937.51197	497	0.01
10470	-61937.51197	497	0.01
10480	-61937.51197	498	0.01
10490	-61937.51197	498	0.01
10500	-61937.51197	499	0.01
10510	-61937.51197	499	0.01
10520	-61937.51197	500	0.01
10530	-61937.51197	500	0.01
10540	-61937.51197	501	0.01
10550	-61937.50706	501	0.01
10560	-61937.50706	501	0.01
10570	-61937.50706	502	0.01
10580	-61937.50706	502	0.01
10590	-61937.50706	503	0.01
10600	-61937.50706	503	0.01
10610	-61937.50706	504	0.01
10620	-61937.50706	504	0.01
10630	-61937.50706	505	0.01
10640	-61937.50706	505	0.01
10650	-61937.50706	506	0.01
10660	-61937.50706	506	0.01
10670	-61937.50706	507	0.01
10680	-61937.50706	507	0.01
10690	-61937.50706	508	0.01
10700	-61937.50706	508	0.01
10710	-61937.50706	509	0.01
10720	-61937.50706	509	0.01
10730	-61937.50706	509	0.01
10740	-61937.50706	510	0.01
10750	-61937.50706	510	0.01
10760	-61937.50616	511	0.01
10770	-61937.50616	511	0.01
10780	-61937.50616	512	0.01
10790	-61937.50616	512	0.01
10800	-61937.50616	512	0.01
10810	-61937.50616	513	0.01
10820	-61937.50616	513	0.01
10830	-61937.50616	514	0.01
10840	-61937.50616	514	0.01
10850	-61937.50616	515	0.01
10860	-61937.50616	515	0.01
10870	-61937.50616	516	0.01
10880	-61937.50616	516	0.01
10890	-61937.50616	517	0.01
10900	-61937.50417	517	0.01
10910	-61937.50417	518	0.01
10920	-61937.50417	518	0.01
10930	-61937.50417	519	0.01
10940	-61937.50417	519	0.01
10950	-61937.50417	520	0.01
10960	-61937.50417	520	0.01
10970	-61937.50417	520	0.01
10980	-61937.50417	521	0.01
10990	-61937.50417	521	0.01
11000	-61937.50417	522	0.01
11010	-61937.50417	522	0.01
11020	-61937.50417	523	0.01
11030	-61937.50417	523	0.01
11040	-61937.50417	524	0.01
11050	-61937.50417	524	0.01
11060	-61937.50417	525	0.01
11070	-61937.50417	525	0.01
11080	-61937.50417	526	0.01
11090	-61937.50417	526	0.01
11100	-61937.50417	526	0.01
11110	-61937.50245	527	0.01
11120	-61937.50245	527	0.01
11130	-61937.50245	528	0.01
11140	-61937.50245	528	0.01
11150	-61937.50245	529	0.01
11160	-61937.50245	529	0.01
11170	-61937.50245	530	0.01
11180	-61937.50245	530	0.01
11190	-61937.50245	531	0.01
11200	-61937.50245	531	0.01
11210	-61937.50245	531	0.01
11220	-61937.50245	532	0.01
11230	-61937.50245	532	0.01
11240	-61937.50245	533	0.01
11250	-61937.50245	533	0.01
11260	-61937.50245	534	0.01
11270	-61937.50245	534	0.01
11280	-61937.50245	534	0.01
11290	-61937.50245	535	0.01
11300	-61937.50185	536	0.01
11310	-61937.50185	536	0.01
11320	-61937.50144	536	0.01
11330	-61937.50144	537	0.01
11340	-61937.50144	537	0.01
11350	-61937.50144	538	0.01
11360	-61937.50144	538	0.01
11370	-61937.50144	539	0.01
11380	-61937.50144	539	0.01
11390	-61937.50045	540	0.01
11400	-61937.50045	540	0.01
11410	-61937.50045	541	0.01
11420	-61937.50045	541	0.01
11430	-61937.50045	542	0.01
11440	-61937.50045	542	0.01
11450	-61937.50045	542	0.01
11460	-61937.50045	543	0.01
11470	-61937.50045	543	0.01
11480	-61937.50045	544	0.01
11490	-61937.50045	544	0.01
11500	-61937.50045	545	0.01
11510	-61937.50045	545	0.01
11520	-61937.50045	546	0.01
11530	-61937.50045	546	0.01
11540	-61937.50045	547	0.01
11550	-61937.50045	547	0.01
11560	-61937.50045	547	0.01
11570	-61937.50045	548	0.01
11580	-61937.50045	548	0.01
11590	-61937.50045	549	0.01
11600	-61937.50045	549	0.01
11610	-61937.50045	550	0.01
11620	-61937.50045	550	0.01
11630	-61937.50027	551	0.01
11640	-61937.50027	551	0.01
11650	-61937.50027	552	0.01
11660	-61937.50027	552	0.01
11670	-61937.50027	552	0.01
11680	-61937.49167	553	0.01
11690	-61937.49167	553	0.01
11700	-61937.48824	554	0.01
11710	-61937.48824	554	0.01
11720	-61937.48824	555	0.01
11730	-61937.48824	555	0.01
11740	-61937.48824	556	0.01
11750	-61937.48824	556	0.01
11760	-61937.48824	557	0.01
11770	-61937.48824	557	0.01
11780	-61937.48824	558	0.01
11790	-61937.48824	558	0.01
11800	-61937.48824	558	0.01
11810	-61937.48634	559	0.01
11820	-61937.48634	559	0.01
11830	-61937.48634	560	0.01
11840	-61937.48634	560	0.01
11850	-61937.48634	561	0.01
11860	-61937.48634	561	0.01
11870	-61937.48634	562	0.01
11880	-61937.48634	562	0.01
11890	-61937.48634	562	0.01
11900	-61937.48634	563	0.01
11910	-61937.48634	563	0.01
11920	-61937.48634	564	0.01
11930	-61937.48634	564	0.01
11940	-61937.48634	565	0.01
11950	-61937.48634	565	0.01
11960	-61937.48634	566	0.01
11970	-61937.48634	566	0.01
11980	-61937.48634	566	0.01
11990	-61937.48634	567	0.01
12000	-61937.48634	567	0.01
12010	-61937.48634	568	0.01
12020	-61937.48634	568	0.01
12030	-61937.48634	569	0.01
12040	-61937.48634	569	0.01
12050	-61937.48634	570	0.01
12060	-61937.48634	570	0.01
12070	-61937.48634	571	0.01
12080	-61937.48611	571	0.01
12090	-61937.48611	572	0.01
12100	-61937.48611	572	0.01
12110	-61937.48611	573	0.01
12120	-61937.48611	573	0.01
12130	-61937.48611	574	0.01
12140	-61937.48611	574	0.01
12150	-61937.48611	575	0.01
12160	-61937.48611	575	0.01
12170	-61937.48611	576	0.01
12180	-61937.48611	576	0.01
12190	-61937.48611	577	0.01
12200	-61937.48611	577	0.01
12210	-61937.48611	578	0.01
12220	-61937.48611	578	0.01
12230	-61937.48611	578	0.01
12240	-61937.48611	579	0.01
12250	-61937.48611	579	0.01
12260	-61937.48611	580	0.01
12270	-61937.48611	580	0.01
12280	-61937.48611	581	0.01
12290	-61937.48611	581	0.01
12300	-61937.48611	582	0.01
12310	-61937.48611	582	0.01
12320	-61937.48611	583	0.01
12330	-61937.48611	583	0.01
12340	-61937.48611	584	0.01
12350	-61937.48611	584	0.01
12360	-61937.48611	585	0.01
12370	-61937.48611	585	0.01
12380	-61937.48611	585	0.01
12390	-61937.48611	586	0.01
12400	-61937.48611	586	0.01
12410	-61937.48611	587	0.01
12420	-61937.48611	587	0.01
12430	-61937.48611	588	0.01
12440	-61937.48611	588	0.01
12450	-61937.48611	588	0.01
12460	-61937.48611	589	0.01
12470	-61937.48611	589	0.01
12480	-61937.48611	590	0.01
12490	-61937.48611	590	0.01
12500	-61937.48611	591	0.01
12510	-61937.48611	591	0.01
12520	-61937.48611	592	0.01
12530	-61937.48611	592	0.01
12540	-61937.48611	593	0.01
12550	-61937.48611	593	0.01
12560	-61937.48611	594	0.01
12570	-61937.48611	594	0.01
12580	-61937.48611	595	0.01
12590	-61937.48611	595	0.01
12600	-61937.48611	596	0.01
12610	-61937.48611	596	0.01
12620	-61937.48611	597	0.01
12630	-61937.48611	597	0.01
12640	-61937.48127	598	0.01
12650	-61937.48127	598	0.01
12660	-61937.48127	599	0.01
12670	-61937.48127	599	0.01
12680	-61937.48127	599	0.01
12690	-61937.48127	600	0.01
12700	-61937.47413	600	0.01
12710	-61937.47099	601	0.01
12720	-61937.47099	601	0.01
12730	-61937.47099	602	0.01
12740	-61937.47099	602	0.01
12750	-61937.47099	603	0.01
12760	-61937.47099	603	0.01
12770	-61937.47099	604	0.01
12780	-61937.47099	604	0.01
12790	-61937.47099	605	0.01
12800	-61937.47099	605	0.01
12810	-61937.47099	606	0.01
12820	-61937.47099	606	0.01
12830	-61937.47099	607	0.01
12840	-61937.47099	607	0.01
12850	-61937.47099	608	0.01
12860	-61937.47099	608	0.01
12870	-61937.47099	609	0.01
12880	-61937.47099	609	0.01
12890	-61937.47099	609	0.01
12900	-61937.47099	610	0.01
12910	-61937.47099	610	0.01
12920	-61937.47099	611	0.01
12930	-61937.47099	611	0.01
12940	-61937.47099	612	0.01
12950	-61937.4706	612	0.01
12960	-61937.4706	613	0.01
12970	-61937.4706	613	0.01
12980	-61937.4706	613	0.01
12990	-61937.4706	614	0.01
13000	-61937.4706	614	0.01
13010	-61937.4706	615	0.01
13020	-61937.4706	615	0.01
13030	-61937.4706	616	0.01
13040	-61937.46932	616	0.01
13050	-61937.46932	617	0.01
13060	-61937.46932	617	0.01
13070	-61937.46932	618	0.01
13080	-61937.46932	618	0.01
13090	-61937.46932	619	0.01
13100	-61937.46932	619	0.01
13110	-61937.46932	619	0.01
13120	-61937.46932	620	0.01
13130	-61937.46932	620	0.01
13140	-61937.46932	621	0.01
13150	-61937.46932	621	0.01
13160	-61937.46932	622	0.01
13170	-61937.46932	622	0.01
13180	-61937.46932	623	0.01
13190	-61937.46932	623	0.01
13200	-61937.46932	624	0.01
13210	-61937.46932	624	0.01
13220	-61937.46734	625	0.01
13230	-61937.46734	625	0.01
13240	-61937.46734	626	0.01
13250	-61937.46734	626	0.01
13260	-61937.46734	626	0.01
13270	-61937.46734	627	0.01
13280	-61937.46734	627	0.01
13290	-61937.46734	628	0.01
13300	-61937.46734	628	0.01
13310	-61937.46734	629	0.01
13320	-61937.46734	629	0.01
13330	-61937.46734	630	0.01
13340	-61937.46055	630	0.01
13350	-61937.46055	631	0.01
13360	-61937.46055	631	0.01
13370	-61937.46055	632	0.01
13380	-61937.46055	632	0.01
13390	-61937.46055	632	0.01
13400	-61937.46055	633	0.01
13410	-61937.46055	633	0.01
13420	-61937.46055	634	0.01
13430	-61937.46041	634	0.01
13440	-61937.46041	635	0.01
13450	-61937.46041	635	0.01
13460	-61937.46041	636	0.01
13470	-61937.46041	636	0.01
13480	-61937.46041	637	0.01
13490	-61937.46041	637	0.01
13500	-61937.46041	638	0.01
13510	-61937.46041	638	0.01
13520	-61937.45948	639	0.01
13530	-61937.45948	639	0.01
13540	-61937.45948	640	0.01
13550	-61937.45948	640	0.01
13560	-61937.45948	640	0.01
13570	-61937.45948	641	0.01
13580	-61937.45893	641	0.01
13590	-61937.45893	642	0.01
13600	-61937.45893	642	0.01
13610	-61937.45893	643	0.01
13620	-61937.45893	643	0.01
13630	-61937.45893	644	0.01
13640	-61937.45893	644	0.01
13650	-61937.45893	645	0.01
13660	-61937.45893	645	0.01
13670	-61937.45893	646	0.01
13680	-61937.45893	646	0.01
13690	-61937.45893	646	0.01
13700	-61937.45893	647	0.01
13710	-61937.45893	647	0.01
13720	-61937.45893	648	0.01
13730	-61937.45893	648	0.01
13740	-61937.45893	649	0.01
13750	-61937.45893	649	0.01
13760	-61937.45893	650	0.01
13770	-61937.45893	650	0.01
13780	-61937.45893	651	0.01
13790	-61937.45893	651	0.01
13800	-61937.45893	652	0.01
13810	-61937.45893	652	0.01
13820	-61937.45893	653	0.01
13830	-61937.45893	653	0.01
13840	-61937.45893	654	0.01
13850	-61937.45893	654	0.01
13860	-61937.45893	654	0.01
13870	-61937.45893	655	0.01
13880	-61937.45893	655	0.01
13890	-61937.45893	656	0.01
13900	-61937.45893	656	0.01
13910	-61937.45893	657	0.01
13920	-61937.45893	657	0.01
13930	-61937.45893	658	0.01
13940	-61937.45646	658	0.01
13950	-61937.45646	659	0.01
13960	-61937.45646	659	0.01
13970	-61937.45646	660	0.01
13980	-61937.45646	660	0.01
13990	-61937.45646	660	0.01
14000	-61937.45646	661	0.01
14010	-61937.45646	661	0.01
14020	-61937.45646	662	0.01
14030	-61937.45646	662	0.01
14040	-61937.45646	663	0.01
14050	-61937.45646	663	0.01
14060	-61937.45646	664	0.01
14070	-61937.45646	664	0.01
14080	-61937.45646	665	0.01
14090	-61937.45646	665	0.01
14100	-61937.45646	666	0.01
14110	-61937.45646	666	0.01
14120	-61937.45646	667	0.01
14130	-61937.45646	667	0.01
14140	-61937.45646	667	0.01
14150	-61937.45646	668	0.01
14160	-61937.45646	668	0.01
14170	-61937.45646	669	0.01
14180	-61937.45646	669	0.01
14190	-61937.45646	670	0.01
14200	-61937.45646	670	0.01
14210	-61937.45646	671	0.01
14220	-61937.45646	671	0.01
14230	-61937.45646	672	0.01
14240	-61937.45646	672	0.01
14250	-61937.45646	673	0.01
14260	-61937.45646	673	0.01
14270	-61937.45646	673	0.01
14280	-61937.45646	674	0.01
14290	-61937.45645	674	0.01
14300	-61937.45645	675	0.01
14310	-61937.45645	675	0.01
14320	-61937.45645	676	0.01
14330	-61937.45252	676	0.01
14340	-61937.45252	677	0.01
14350	-61937.45252	677	0.01
14360	-61937.45252	678	0.01
14370	-61937.45252	678	0.01
14380	-61937.45252	679	0.01
14390	-61937.45252	679	0.01
14400	-61937.45252	680	0.01
14410	-61937.45252	680	0.01
14420	-61937.45252	681	0.01
14430	-61937.45252	681	0.01
14440	-61937.45252	681	0.01
14450	-61937.45064	682	0.01
14460	-61937.45064	682	0.01
14470	-61937.45064	683	0.01
14480	-61937.45064	683	0.01
14490	-61937.45064	684	0.01
14500	-61937.45064	684	0.01
14510	-61937.45064	685	0.01
14520	-61937.45064	685	0.01
14530	-61937.45064	686	0.01
14540	-61937.45064	686	0.01
14550	-61937.45064	687	0.01
14560	-61937.45064	687	0.01
14570	-61937.45061	687	0.01
14580	-61937.45061	688	0.01
14590	-61937.45061	688	0.01
14600	-61937.44951	689	0.01
14610	-61937.44211	689	0.01
14620	-61937.44211	690	0.01
14630	-61937.44211	690	0.01
14640	-61937.44211	691	0.01
14650	-61937.44211	691	0.01
14660	-61937.44211	692	0.01
14670	-61937.44211	692	0.01
14680	-61937.44211	693	0.01
14690	-61937.44211	693	0.01
14700	-61937.44211	693	0.01
14710	-61937.44211	694	0.01
14720	-61937.44211	694	0.01
14730	-61937.44211	695	0.01
14740	-61937.44211	695	0.01
14750	-61937.44211	696	0.01
14760	-61937.44211	696	0.01
14770	-61937.44211	697	0.01
14780	-61937.44211	697	0.01
14790	-61937.4401	698	0.01
14800	-61937.4401	698	0.01
14810	-61937.4401	699	0.01
14820	-61937.4401	699	0.01
14830	-61937.4401	699	0.01
14840	-61937.4401	700	0.01
14850	-61937.4401	700	0.01
14860	-61937.4401	701	0.01
14870	-61937.4401	701	0.01
14880	-61937.4401	702	0.01
14890	-61937.4401	702	0.01
14900	-61937.4401	703	0.01
14910	-61937.4401	703	0.01
14920	-61937.4401	703	0.01
14930	-61937.4401	704	0.01
14940	-61937.4401	704	0.01
14950	-61937.4401	705	0.01
14960	-61937.43954	705	0.01
14970	-61937.43954	706	0.01
14980	-61937.43954	706	0.01
14990	-61937.43954	707	0.01
15000	-61937.43954	707	0.01
15010	-61937.43916	709	0.01
15020	-61937.43916	709	0.01
15030	-61937.43916	710	0.01
15040	-61937.43916	710	0.01
15050	-61937.43916	711	0.01
15060	-61937.43916	711	0.01
15070	-61937.43916	712	0.01
15080	-61937.43916	712	0.01
15090	-61937.43916	713	0.01
15100	-61937.43916	713	0.01
15110	-61937.43916	714	0.01
15120	-61937.43916	714	0.01
15130	-61937.43916	714	0.01
15140	-61937.43916	715	0.01
15150	-61937.43916	715	0.01
15160	-61937.43916	716	0.01
15170	-61937.43916	716	0.01
15180	-61937.43916	717	0.01
15190	-61937.43916	717	0.01
15200	-61937.43916	718	0.01
15210	-61937.43831	718	0.01
15220	-61937.43831	719	0.01
15230	-61937.43831	719	0.01
15240	-61937.43831	720	0.01
15250	-61937.43831	720	0.01
15260	-61937.43831	721	0.01
15270	-61937.43831	721	0.01
15280	-61937.43831	721	0.01
15290	-61937.43831	722	0.01
15300	-61937.43831	722	0.01
15310	-61937.43831	723	0.01
15320	-61937.43831	723	0.01
15330	-61937.43831	724	0.01
15340	-61937.43831	724	0.01
15350	-61937.43831	725	0.01
15360	-61937.43831	725	0.01
15370	-61937.43831	726	0.01
15380	-61937.43831	726	0.01
15390	-61937.43831	727	0.01
15400	-61937.43831	727	0.01
15410	-61937.43831	727	0.01
15420	-61937.43831	728	0.01
15430	-61937.43831	728	0.01
15440	-61937.43831	729	0.01
15450	-61937.43831	729	0.01
15460	-61937.43831	730	0.01
15470	-61937.43831	730	0.01
15480	-61937.43831	731	0.01
15490	-61937.43831	731	0.01
15500	-61937.43719	732	0.01
15510	-61937.43719	732	0.01
15520	-61937.43719	733	0.01
15530	-61937.43719	733	0.01
15540	-61937.43719	734	0.01
15550	-61937.43719	734	0.01
15560	-61937.43719	734	0.01
15570	-61937.43719	735	0.01
15580	-61937.43719	735	0.01
15590	-61937.43719	736	0.01
15600	-61937.43719	736	0.01
15610	-61937.43719	737	0.01
15620	-61937.4353	737	0.01
15630	-61937.4353	738	0.01
15640	-61937.4353	738	0.01
15650	-61937.43494	739	0.01
15660	-61937.43494	739	0.01
15670	-61937.43494	740	0.01
15680	-61937.43494	740	0.01
15690	-61937.43494	741	0.01
15700	-61937.43494	741	0.01
15710	-61937.43494	742	0.01
15720	-61937.43494	742	0.01
15730	-61937.43494	742	0.01
15740	-61937.43494	743	0.01
15750	-61937.43403	743	0.01
15760	-61937.43403	744	0.01
15770	-61937.43403	744	0.01
15780	-61937.43396	745	0.01
15790	-61937.43396	745	0.01
15800	-61937.43396	746	0.01
15810	-61937.43396	746	0.01
15820	-61937.43396	747	0.01
15830	-61937.43396	747	0.01
15840	-61937.43396	748	0.01
15850	-61937.43396	748	0.01
15860	-61937.43396	749	0.01
15870	-61937.43396	749	0.01
15880	-61937.43396	750	0.01
15890	-61937.43396	750	0.01
15900	-61937.43396	750	0.01
15910	-61937.43392	751	0.01
15920	-61937.43392	751	0.01
15930	-61937.43392	752	0.01
15940	-61937.43392	752	0.01
15950	-61937.43392	753	0.01
15960	-61937.43392	753	0.01
15970	-61937.43392	754	0.01
15980	-61937.43392	754	0.01
15990	-61937.43392	755	0.01
16000	-61937.43392	755	0.01
16010	-61937.43334	756	0.01
16020	-61937.43334	756	0.01
16030	-61937.43334	757	0.01
16040	-61937.43334	757	0.01
16050	-61937.43334	758	0.01
16060	-61937.43334	758	0.01
16070	-61937.43334	758	0.01
16080	-61937.43334	759	0.01
16090	-61937.43334	759	0.01
16100	-61937.43334	760	0.01
16110	-61937.43334	760	0.01
16120	-61937.43334	761	0.01
16130	-61937.43334	761	0.01
16140	-61937.43334	762	0.01
16150	-61937.43334	762	0.01
16160	-61937.43334	763	0.01
16170	-61937.43325	763	0.01
16180	-61937.43325	764	0.01
16190	-61937.43325	764	0.01
16200	-61937.43325	765	0.01
16210	-61937.43325	765	0.01
16220	-61937.43325	766	0.01
16230	-61937.43325	766	0.01
16240	-61937.43325	766	0.01
16250	-61937.43325	767	0.01
16260	-61937.43325	767	0.01
16270	-61937.43325	768	0.01
16280	-61937.43325	768	0.01
16290	-61937.43325	769	0.01
16300	-61937.43325	769	0.01
16310	-61937.43325	770	0.01
16320	-61937.43325	770	0.01
16330	-61937.43325	771	0.01
16340	-61937.43325	771	0.01
16350	-61937.43325	772	0.01
16360	-61937.43325	772	0.01
16370	-61937.43325	772	0.01
16380	-61937.43325	773	0.01
16390	-61937.43325	773	0.01
16400	-61937.43325	774	0.01
Score after final optimization: -61937.27049
Final	-61937.27049	795	0.01
Search rep 2 (of 2)
random seed = 1646090181
gen	best_like	time	optPrecision
0	-100067.2273	825	0.5
10	-99336.89225	825	0.5
20	-98602.16974	826	0.5
30	-97983.90518	826	0.5
40	-95545.02024	827	0.5
50	-94714.33787	827	0.5
60	-93743.155	828	0.5
70	-92280.64303	828	0.5
80	-90727.45166	829	0.5
90	-90255.82646	829	0.5
100	-89028.2502	830	0.5
110	-87260.20349	831	0.5
120	-84980.85096	831	0.5
130	-83718.33069	832	0.5
140	-82532.09729	832	0.5
150	-81996.07267	833	0.5
160	-81159.94313	833	0.5
170	-80454.06965	834	0.5
180	-80396.52652	834	0.5
190	-80193.2345	835	0.5
200	-78816.4419	835	0.5
210	-78612.3718	836	0.5
220	-76612.04307	836	0.5
230	-75510.74805	837	0.5
240	-75297.73314	837	0.5
250	-74947.35006	838	0.5
260	-74928.47341	838	0.5
270	-74852.7831	839	0.5
280	-74782.95905	839	0.5
290	-74712.46694	840	0.5
300	-74605.01145	840	0.5
310	-74312.40503	840	0.5
320	-73472.84544	841	0.5
330	-73229.56189	841	0.5
340	-72212.3519	842	0.5
350	-72071.75436	843	0.5
360	-71604.85542	843	0.5
370	-70027.99509	844	0.5
380	-69816.68995	844	0.5
390	-69539.04152	845	0.5
400	-69536.02833	845	0.5
410	-69414.38775	846	0.5
420	-69133.73539	846	0.5
430	-68930.53882	847	0.5
440	-68848.50793	847	0.5
450	-68236.33467	848	0.5
460	-67672.42604	848	0.5
470	-67354.73429	849	0.5
480	-66582.12989	849	0.5
490	-66582.12989	850	0.5
500	-66577.36427	850	0.5
510	-66482.89302	851	0.5
520	-66464.63804	851	0.5
530	-66412.36081	851	0.5
540	-66408.80266	852	0.5
550	-66406.66212	852	0.5
560	-66404.19124	853	0.5
570	-66403.28578	853	0.5
580	-65794.5938	854	0.5
590	-65650.16531	854	0.5
600	-65606.73303	855	0.5
610	-65576.32098	855	0.5
620	-65101.55865	855	0.5
630	-65043.63626	856	0.5
640	-64992.58155	856	0.5
650	-64984.59578	857	0.5
660	-64652.78166	857	0.5
670	-64652.28361	858	0.5
680	-64651.98024	858	0.5
690	-64337.95091	859	0.5
700	-64212.75251	859	0.5
710	-64119.75446	860	0.5
720	-63995.04538	860	0.5
730	-63994.33635	860	0.5
740	-63994.33635	861	0.5
750	-63974.9484	861	0.5
760	-63974.9484	862	0.5
770	-63949.83059	862	0.5
780	-63949.83059	863	0.5
790	-63896.25333	863	0.5
800	-63896.25121	863	0.5
810	-63891.6549	864	0.5
820	-63888.37982	864	0.5
830	-63699.21953	865	0.5
840	-63689.47476	865	0.5
850	-63684.76921	866	0.5
860	-63562.89259	866	0.5
870	-63022.85534	867	0.5
880	-63007.28876	867	0.5
890	-63007.28876	867	0.5
900	-63005.80582	868	0.5
910	-62929.84111	868	0.5
920	-62923.5999	869	0.5
930	-62684.91529	869	0.5
940	-62633.7885	870	0.5
950	-62631.05172	870	0.5
960	-62536.84051	871	0.5
970	-62526.99842	871	0.5
980	-62525.58908	871	0.5
990	-62506.67505	872	0.5
1000	-62503.74692	872	0.5
1010	-62502.50684	873	0.5
1020	-62501.41752	873	0.5
1030	-62500.97719	873	0.5
1040	-62499.76506	874	0.5
1050	-62499.46681	874	0.5
1060	-62481.04911	875	0.5
1070	-62481.04911	875	0.5
1080	-62420.32974	876	0.5
1090	-62363.80196	876	0.5
1100	-62075.52678	876	0.5
1110	-62075.26954	877	0.5
1120	-62075.08164	877	0.5
1130	-62075.07934	878	0.5
1140	-62069.71218	878	0.5
1150	-62069.60972	878	0.5
1160	-62069.60972	879	0.5
1170	-62069.60972	879	0.5
1180	-62069.60469	879	0.5
1190	-62069.15895	880	0.5
1200	-62069.15895	880	0.5
1210	-62069.11056	881	0.5
1220	-62068.97402	881	0.5
1230	-62065.54877	881	0.5
1240	-62044.15552	882	0.5
1250	-62037.19158	882	0.5
1260	-62037.19158	883	0.5
1270	-62036.45376	883	0.5
1280	-62036.45132	883	0.5
1290	-62035.52552	884	0.5
1300	-62032.32059	884	0.5
1310	-62031.84695	885	0.5
1320	-62031.72872	885	0.5
1330	-62031.72625	886	0.5
1340	-62031.72625	886	0.5
1350	-62030.8536	886	0.5
1360	-62030.20724	887	0.5
1370	-62026.565	887	0.5
1380	-62023.31095	888	0.5
1390	-62023.12534	888	0.5
1400	-62020.3538	888	0.5
1410	-62020.09297	889	0.5
1420	-62020.09297	889	0.5
1430	-62019.66032	890	0.5
1440	-62018.66685	890	0.5
1450	-62018.66685	891	0.5
1460	-62017.92088	891	0.5
1470	-62017.81635	891	0.5
1480	-62017.21904	892	0.5
1490	-62017.21904	892	0.5
1500	-62017.21483	893	0.5
1510	-62017.21483	893	0.5
1520	-62016.1228	893	0.5
1530	-62015.93543	894	0.5
1540	-62014.34016	894	0.5
1550	-62014.32018	895	0.5
1560	-62014.2108	895	0.5
1570	-62014.05756	896	0.5
1580	-62013.57178	896	0.5
1590	-62013.50317	897	0.5
1600	-62012.68987	897	0.5
1610	-61996.40613	898	0.451
1620	-61995.87578	899	0.451
1630	-61995.71028	899	0.451
1640	-61995.59621	900	0.451
1650	-61995.59612	900	0.451
1660	-61994.84946	901	0.451
1670	-61984.7593	901	0.451
1680	-61983.5335	902	0.451
1690	-61983.34159	902	0.451
1700	-61983.34159	903	0.451
1710	-61983.10013	903	0.451
1720	-61983.10013	904	0.451
1730	-61973.56078	904	0.451
1740	-61970.98164	904	0.451
1750	-61970.8111	905	0.451
1760	-61970.73611	905	0.451
1770	-61970.17312	906	0.451
1780	-61970.04787	906	0.451
1790	-61970.02617	907	0.451
1800	-61970.01068	907	0.451
1810	-61969.29214	907	0.451
1820	-61964.18255	908	0.451
1830	-61962.59972	908	0.451
1840	-61962.41446	908	0.451
1850	-61962.35798	909	0.451
1860	-61962.30134	909	0.451
1870	-61960.45401	910	0.451
1880	-61959.50276	910	0.451
1890	-61956.56121	910	0.451
1900	-61956.55013	911	0.451
1910	-61956.30009	911	0.451
1920	-61956.01384	911	0.451
1930	-61955.75751	912	0.451
1940	-61954.31782	912	0.451
1950	-61953.59208	912	0.451
1960	-61952.6122	913	0.451
1970	-61952.45446	913	0.451
1980	-61952.26641	914	0.451
1990	-61952.04591	914	0.451
2000	-61951.83969	914	0.451
2010	-61951.35791	915	0.451
2020	-61950.23197	915	0.451
2030	-61949.95077	915	0.451
2040	-61949.86778	916	0.451
2050	-61949.55773	916	0.451
2060	-61949.28871	916	0.451
2070	-61949.26855	917	0.451
2080	-61949.03936	917	0.451
2090	-61949.02032	918	0.451
2100	-61948.06067	918	0.451
2110	-61947.83184	919	0.402
2120	-61947.69213	919	0.402
2130	-61947.412	920	0.402
2140	-61946.98893	920	0.402
2150	-61946.98893	921	0.402
2160	-61946.65967	921	0.402
2170	-61946.59793	921	0.402
2180	-61946.41209	922	0.402
2190	-61946.24597	922	0.402
2200	-61946.2281	922	0.402
2210	-61946.2281	923	0.402
2220	-61945.87238	923	0.402
2230	-61945.83167	923	0.402
2240	-61945.76691	924	0.402
2250	-61945.76691	924	0.402
2260	-61945.70255	925	0.402
2270	-61945.70255	925	0.402
2280	-61945.6135	925	0.402
2290	-61945.54879	926	0.402
2300	-61945.4277	926	0.402
2310	-61945.4277	926	0.402
2320	-61945.4277	927	0.402
2330	-61945.24912	927	0.402
2340	-61945.20165	928	0.402
2350	-61945.09761	928	0.402
2360	-61945.06224	928	0.402
2370	-61945.04784	929	0.402
2380	-61945.01001	929	0.402
2390	-61944.99101	929	0.402
2400	-61944.98089	930	0.402
2410	-61944.97232	930	0.402
2420	-61944.88543	931	0.402
2430	-61944.88543	931	0.402
2440	-61944.79783	931	0.402
2450	-61944.71851	932	0.402
2460	-61944.69294	932	0.402
2470	-61944.64056	933	0.402
2480	-61944.63188	933	0.402
2490	-61944.57812	933	0.402
2500	-61944.47838	934	0.402
2510	-61944.32102	934	0.402
2520	-61944.12536	935	0.402
2530	-61944.05846	935	0.402
2540	-61943.96441	935	0.402
2550	-61943.86038	936	0.402
2560	-61943.73039	936	0.402
2570	-61943.61351	936	0.402
2580	-61943.43778	937	0.402
2590	-61943.43778	937	0.402
2600	-61943.43658	938	0.402
2610	-61943.42133	939	0.353
2620	-61943.30196	939	0.353
2630	-61943.26218	939	0.353
2640	-61943.18894	940	0.353
2650	-61943.16925	940	0.353
2660	-61943.16589	941	0.353
2670	-61943.16589	941	0.353
2680	-61943.15568	942	0.353
2690	-61942.96184	942	0.353
2700	-61942.96184	942	0.353
2710	-61942.92435	943	0.353
2720	-61942.89377	943	0.353
2730	-61942.8893	944	0.353
2740	-61942.8893	944	0.353
2750	-61942.86707	945	0.353
2760	-61942.83557	945	0.353
2770	-61942.83557	946	0.353
2780	-61942.83444	946	0.353
2790	-61942.80726	946	0.353
2800	-61942.80726	947	0.353
2810	-61942.72643	947	0.353
2820	-61942.72643	948	0.353
2830	-61942.53411	948	0.353
2840	-61942.52538	948	0.353
2850	-61942.52404	949	0.353
2860	-61942.51834	949	0.353
2870	-61942.4957	950	0.353
2880	-61942.48567	950	0.353
2890	-61942.46723	950	0.353
2900	-61942.46356	951	0.353
2910	-61942.46356	951	0.353
2920	-61942.39956	952	0.353
2930	-61942.33493	952	0.353
2940	-61942.29503	952	0.353
2950	-61942.23632	953	0.353
2960	-61942.11142	953	0.353
2970	-61941.99497	954	0.353
2980	-61941.86533	954	0.353
2990	-61941.86533	954	0.353
3000	-61941.8507	955	0.353
3010	-61941.8507	955	0.353
3020	-61941.8507	956	0.353
3030	-61941.8507	956	0.353
3040	-61941.8507	956	0.353
3050	-61941.84291	957	0.353
3060	-61941.84291	957	0.353
3070	-61941.84291	957	0.353
3080	-61941.82639	958	0.353
3090	-61941.80822	958	0.353
3100	-61941.78204	958	0.353
3110	-61941.76868	960	0.304
3120	-61941.75157	960	0.304
3130	-61941.6822	960	0.304
3140	-61941.66242	961	0.304
3150	-61941.59537	961	0.304
3160	-61941.56757	961	0.304
3170	-61941.54586	962	0.304
3180	-61941.54507	962	0.304
3190	-61941.54507	963	0.304
3200	-61941.54507	963	0.304
3210	-61941.54507	963	0.304
3220	-61941.54507	964	0.304
3230	-61941.42056	964	0.304
3240	-61941.42056	965	0.304
3250	-61941.42056	965	0.304
3260	-61941.42056	965	0.304
3270	-61941.39773	966	0.304
3280	-61941.39773	966	0.304
3290	-61941.39773	967	0.304
3300	-61941.39773	967	0.304
3310	-61941.38631	967	0.304
3320	-61941.38631	968	0.304
3330	-61941.38631	968	0.304
3340	-61941.38535	969	0.304
3350	-61941.38535	969	0.304
3360	-61941.3635	969	0.304
3370	-61941.3357	970	0.304
3380	-61941.3357	970	0.304
3390	-61941.29425	971	0.304
3400	-61941.29425	971	0.304
3410	-61941.29425	972	0.304
3420	-61941.29147	972	0.304
3430	-61941.29147	972	0.304
3440	-61941.29147	973	0.304
3450	-61941.29147	973	0.304
3460	-61941.29147	974	0.304
3470	-61941.25831	974	0.304
3480	-61941.25831	975	0.304
3490	-61941.25149	975	0.304
3500	-61941.25149	975	0.304
3510	-61941.24656	976	0.304
3520	-61941.22013	976	0.304
3530	-61941.22013	977	0.304
3540	-61941.19528	977	0.304
3550	-61941.19516	977	0.304
3560	-61941.19516	978	0.304
3570	-61941.15154	978	0.304
3580	-61941.15154	979	0.304
3590	-61941.15154	979	0.304
3600	-61941.14556	979	0.304
3610	-61941.14194	981	0.255
3620	-61941.11699	981	0.255
3630	-61941.11699	981	0.255
3640	-61941.11699	982	0.255
3650	-61941.11412	982	0.255
3660	-61941.11412	983	0.255
3670	-61941.08587	983	0.255
3680	-61941.08587	983	0.255
3690	-61941.06589	984	0.255
3700	-61941.06589	984	0.255
3710	-61941.06589	985	0.255
3720	-61941.06589	985	0.255
3730	-61941.06172	985	0.255
3740	-61941.05696	986	0.255
3750	-61940.99645	986	0.255
3760	-61940.99645	987	0.255
3770	-61940.91045	987	0.255
3780	-61940.91045	987	0.255
3790	-61940.8923	988	0.255
3800	-61940.83295	988	0.255
3810	-61940.80818	989	0.255
3820	-61940.75254	989	0.255
3830	-61940.75254	989	0.255
3840	-61940.64986	990	0.255
3850	-61940.62788	990	0.255
3860	-61940.62788	991	0.255
3870	-61940.62788	991	0.255
3880	-61940.5704	991	0.255
3890	-61940.5704	992	0.255
3900	-61940.5704	992	0.255
3910	-61940.5704	993	0.255
3920	-61940.49942	993	0.255
3930	-61940.49942	994	0.255
3940	-61940.49942	994	0.255
3950	-61940.49466	995	0.255
3960	-61940.49466	995	0.255
3970	-61940.49466	995	0.255
3980	-61940.49081	996	0.255
3990	-61940.45145	996	0.255
4000	-61940.45145	997	0.255
4010	-61940.42201	997	0.255
4020	-61940.36561	997	0.255
4030	-61940.33179	998	0.255
4040	-61940.33179	998	0.255
4050	-61940.32206	999	0.255
4060	-61940.30113	999	0.255
4070	-61940.16275	999	0.255
4080	-61940.14335	1000	0.255
4090	-61940.13271	1000	0.255
4100	-61940.13271	1001	0.255
4110	-61939.82132	1002	0.206
4120	-61939.78566	1002	0.206
4130	-61939.78566	1003	0.206
4140	-61939.78566	1003	0.206
4150	-61939.77602	1004	0.206
4160	-61939.77602	1004	0.206
4170	-61939.77602	1005	0.206
4180	-61939.77602	1005	0.206
4190	-61939.77602	1005	0.206
4200	-61939.77602	1006	0.206
4210	-61939.77602	1006	0.206
4220	-61939.77602	1007	0.206
4230	-61939.7753	1007	0.206
4240	-61939.75302	1008	0.206
4250	-61939.73193	1008	0.206
4260	-61939.73193	1008	0.206
4270	-61939.7178	1009	0.206
4280	-61939.7178	1009	0.206
4290	-61939.71489	1010	0.206
4300	-61939.71429	1010	0.206
4310	-61939.71429	1011	0.206
4320	-61939.70444	1011	0.206
4330	-61939.67607	1011	0.206
4340	-61939.67607	1012	0.206
4350	-61939.67607	1012	0.206
4360	-61939.67607	1012	0.206
4370	-61939.67607	1013	0.206
4380	-61939.66356	1013	0.206
4390	-61939.62688	1014	0.206
4400	-61939.62688	1014	0.206
4410	-61939.61804	1015	0.206
4420	-61939.61525	1015	0.206
4430	-61939.61525	1015	0.206
4440	-61939.61525	1016	0.206
4450	-61939.61525	1016	0.206
4460	-61939.5898	1017	0.206
4470	-61939.5898	1017	0.206
4480	-61939.5898	1018	0.206
4490	-61939.58727	1018	0.206
4500	-61939.58727	1018	0.206
4510	-61939.58727	1019	0.206
4520	-61939.58727	1019	0.206
4530	-61939.51429	1020	0.206
4540	-61939.51429	1020	0.206
4550	-61939.51429	1021	0.206
4560	-61939.51208	1021	0.206
4570	-61939.49771	1021	0.206
4580	-61939.49771	1022	0.206
4590	-61939.49136	1022	0.206
4600	-61939.49136	1023	0.206
4610	-61939.3154	1024	0.157
4620	-61939.3105	1024	0.157
4630	-61939.29815	1025	0.157
4640	-61939.29815	1025	0.157
4650	-61939.25193	1025	0.157
4660	-61939.25142	1026	0.157
4670	-61939.25142	1026	0.157
4680	-61939.24049	1027	0.157
4690	-61939.24049	1027	0.157
4700	-61939.24049	1027	0.157
4710	-61939.24049	1028	0.157
4720	-61939.24049	1028	0.157
4730	-61939.24049	1029	0.157
4740	-61939.24049	1029	0.157
4750	-61939.24049	1030	0.157
4760	-61939.1964	1030	0.157
4770	-61939.14328	1030	0.157
4780	-61939.14328	1031	0.157
4790	-61939.13997	1031	0.157
4800	-61939.13997	1032	0.157
4810	-61939.13997	1032	0.157
4820	-61939.13997	1032	0.157
4830	-61939.13997	1033	0.157
4840	-61939.13431	1033	0.157
4850	-61939.12471	1034	0.157
4860	-61939.12471	1034	0.157
4870	-61939.12471	1034	0.157
4880	-61939.12471	1035	0.157
4890	-61939.12471	1035	0.157
4900	-61939.11025	1036	0.157
4910	-61939.07421	1036	0.157
4920	-61939.06331	1036	0.157
4930	-61939.06331	1037	0.157
4940	-61939.03652	1037	0.157
4950	-61939.03652	1038	0.157
4960	-61939.03652	1038	0.157
4970	-61939.03652	1039	0.157
4980	-61939.03652	1039	0.157
4990	-61939.03332	1039	0.157
5000	-61939.03332	1040	0.157
5010	-61939.03332	1040	0.157
5020	-61939.03332	1041	0.157
5030	-61939.02308	1041	0.157
5040	-61939.01925	1041	0.157
5050	-61939.01925	1042	0.157
5060	-61939.01925	1042	0.157
5070	-61939.01925	1043	0.157
5080	-61939.01925	1043	0.157
5090	-61939.01925	1043	0.157
5100	-61939.01194	1044	0.157
5110	-61938.72643	1045	0.108
5120	-61938.72643	1046	0.108
5130	-61938.72643	1046	0.108
5140	-61938.71957	1046	0.108
5150	-61938.71957	1047	0.108
5160	-61938.71957	1047	0.108
5170	-61938.71957	1048	0.108
5180	-61938.71957	1048	0.108
5190	-61938.71957	1048	0.108
5200	-61938.71957	1049	0.108
5210	-61938.71957	1049	0.108
5220	-61938.71957	1050	0.108
5230	-61938.71957	1050	0.108
5240	-61938.71957	1051	0.108
5250	-61938.71957	1051	0.108
5260	-61938.71957	1052	0.108
5270	-61938.71957	1052	0.108
5280	-61938.71957	1052	0.108
5290	-61938.71957	1053	0.108
5300	-61938.71898	1053	0.108
5310	-61938.71898	1054	0.108
5320	-61938.68667	1054	0.108
5330	-61938.68667	1054	0.108
5340	-61938.68667	1055	0.108
5350	-61938.6593	1055	0.108
5360	-61938.6593	1056	0.108
5370	-61938.6593	1056	0.108
5380	-61938.64559	1056	0.108
5390	-61938.63635	1057	0.108
5400	-61938.63635	1057	0.108
5410	-61938.62711	1058	0.108
5420	-61938.62711	1058	0.108
5430	-61938.62711	1059	0.108
5440	-61938.62694	1059	0.108
5450	-61938.62694	1059	0.108
5460	-61938.62694	1060	0.108
5470	-61938.62694	1060	0.108
5480	-61938.62694	1061	0.108
5490	-61938.62694	1061	0.108
5500	-61938.62694	1062	0.108
5510	-61938.62694	1062	0.108
5520	-61938.62694	1063	0.108
5530	-61938.62694	1063	0.108
5540	-61938.58495	1063	0.108
5550	-61938.58495	1064	0.108
5560	-61938.58495	1064	0.108
5570	-61938.58495	1065	0.108
5580	-61938.58495	1065	0.108
5590	-61938.5618	1066	0.108
5600	-61938.5618	1066	0.108
5610	-61938.39065	1067	0.059
5620	-61938.39065	1068	0.059
5630	-61938.3834	1068	0.059
5640	-61938.3834	1069	0.059
5650	-61938.3834	1069	0.059
5660	-61938.37165	1069	0.059
5670	-61938.3544	1070	0.059
5680	-61938.33847	1070	0.059
5690	-61938.33711	1071	0.059
5700	-61938.33711	1071	0.059
5710	-61938.33172	1072	0.059
5720	-61938.329	1072	0.059
5730	-61938.329	1072	0.059
5740	-61938.329	1073	0.059
5750	-61938.329	1073	0.059
5760	-61938.30611	1074	0.059
5770	-61938.2973	1074	0.059
5780	-61938.2973	1075	0.059
5790	-61938.2973	1075	0.059
5800	-61938.2973	1075	0.059
5810	-61938.29583	1076	0.059
5820	-61938.29583	1076	0.059
5830	-61938.29583	1077	0.059
5840	-61938.29583	1077	0.059
5850	-61938.28311	1078	0.059
5860	-61938.28311	1078	0.059
5870	-61938.28298	1079	0.059
5880	-61938.28298	1079	0.059
5890	-61938.28298	1080	0.059
5900	-61938.25672	1080	0.059
5910	-61938.23761	1080	0.059
5920	-61938.23761	1081	0.059
5930	-61938.23761	1081	0.059
5940	-61938.23761	1082	0.059
5950	-61938.2355	1082	0.059
5960	-61938.20596	1083	0.059
5970	-61938.20596	1083	0.059
5980	-61938.20596	1084	0.059
5990	-61938.19623	1084	0.059
6000	-61938.19623	1084	0.059
6010	-61938.19623	1085	0.059
6020	-61938.17593	1085	0.059
6030	-61938.17593	1086	0.059
6040	-61938.17593	1086	0.059
6050	-61938.1746	1087	0.059
6060	-61938.1743	1087	0.059
6070	-61938.17388	1087	0.059
6080	-61938.17388	1088	0.059
6090	-61938.17388	1088	0.059
6100	-61938.17311	1089	0.059
6110	-61937.53395	1090	0.01
6120	-61937.53395	1091	0.01
6130	-61937.53395	1091	0.01
6140	-61937.53395	1092	0.01
6150	-61937.53395	1092	0.01
6160	-61937.53395	1093	0.01
6170	-61937.53395	1093	0.01
6180	-61937.53395	1093	0.01
6190	-61937.53395	1094	0.01
6200	-61937.53395	1094	0.01
6210	-61937.5291	1095	0.01
6220	-61937.5291	1095	0.01
6230	-61937.5291	1096	0.01
6240	-61937.5291	1096	0.01
6250	-61937.5291	1096	0.01
6260	-61937.5291	1097	0.01
6270	-61937.5291	1097	0.01
6280	-61937.5291	1098	0.01
6290	-61937.5291	1098	0.01
6300	-61937.5291	1099	0.01
6310	-61937.5291	1099	0.01
6320	-61937.52658	1100	0.01
6330	-61937.52658	1100	0.01
6340	-61937.52658	1100	0.01
6350	-61937.52658	1101	0.01
6360	-61937.52658	1101	0.01
6370	-61937.52658	1102	0.01
6380	-61937.51695	1102	0.01
6390	-61937.51695	1103	0.01
6400	-61937.51686	1103	0.01
6410	-61937.51605	1103	0.01
6420	-61937.51605	1104	0.01
6430	-61937.51605	1104	0.01
6440	-61937.51605	1105	0.01
6450	-61937.51605	1105	0.01
6460	-61937.51605	1106	0.01
6470	-61937.51605	1106	0.01
6480	-61937.51605	1106	0.01
6490	-61937.51605	1107	0.01
6500	-61937.51605	1107	0.01
6510	-61937.51605	1108	0.01
6520	-61937.51605	1108	0.01
6530	-61937.51605	1108	0.01
6540	-61937.51584	1109	0.01
6550	-61937.51584	1109	0.01
6560	-61937.51584	1110	0.01
6570	-61937.51379	1110	0.01
6580	-61937.51379	1111	0.01
6590	-61937.51379	1111	0.01
6600	-61937.51379	1111	0.01
6610	-61937.51379	1112	0.01
6620	-61937.51379	1112	0.01
6630	-61937.51379	1113	0.01
6640	-61937.51379	1113	0.01
6650	-61937.51379	1114	0.01
6660	-61937.51379	1114	0.01
6670	-61937.51379	1115	0.01
6680	-61937.51315	1115	0.01
6690	-61937.51315	1116	0.01
6700	-61937.51315	1116	0.01
6710	-61937.51315	1116	0.01
6720	-61937.51315	1117	0.01
6730	-61937.51315	1117	0.01
6740	-61937.51315	1118	0.01
6750	-61937.51315	1118	0.01
6760	-61937.5128	1119	0.01
6770	-61937.5128	1119	0.01
6780	-61937.5128	1120	0.01
6790	-61937.5128	1121	0.01
6800	-61937.5128	1121	0.01
6810	-61937.5128	1122	0.01
6820	-61937.5128	1122	0.01
6830	-61937.5128	1123	0.01
6840	-61937.5128	1124	0.01
6850	-61937.51127	1124	0.01
6860	-61937.51127	1125	0.01
6870	-61937.51127	1125	0.01
6880	-61937.51127	1126	0.01
6890	-61937.51127	1126	0.01
6900	-61937.51116	1127	0.01
6910	-61937.51116	1127	0.01
6920	-61937.51116	1128	0.01
6930	-61937.51116	1128	0.01
6940	-61937.51116	1129	0.01
6950	-61937.51116	1129	0.01
6960	-61937.51116	1129	0.01
6970	-61937.51105	1130	0.01
6980	-61937.51105	1130	0.01
6990	-61937.50979	1131	0.01
7000	-61937.50979	1131	0.01
7010	-61937.50979	1132	0.01
7020	-61937.50979	1132	0.01
7030	-61937.50979	1133	0.01
7040	-61937.50979	1133	0.01
7050	-61937.50979	1134	0.01
7060	-61937.50979	1134	0.01
7070	-61937.50979	1135	0.01
7080	-61937.50979	1135	0.01
7090	-61937.50979	1136	0.01
7100	-61937.50979	1136	0.01
7110	-61937.50979	1136	0.01
7120	-61937.50979	1137	0.01
7130	-61937.50979	1137	0.01
7140	-61937.50979	1138	0.01
7150	-61937.50979	1138	0.01
7160	-61937.50979	1139	0.01
7170	-61937.50979	1139	0.01
7180	-61937.50979	1140	0.01
7190	-61937.50979	1140	0.01
7200	-61937.50979	1141	0.01
7210	-61937.50979	1141	0.01
7220	-61937.50979	1142	0.01
7230	-61937.50979	1142	0.01
7240	-61937.50979	1143	0.01
7250	-61937.50979	1143	0.01
7260	-61937.50979	1144	0.01
7270	-61937.50979	1144	0.01
7280	-61937.50979	1145	0.01
7290	-61937.50979	1145	0.01
7300	-61937.50979	1145	0.01
7310	-61937.50979	1146	0.01
7320	-61937.50926	1147	0.01
7330	-61937.50917	1147	0.01
7340	-61937.50917	1147	0.01
7350	-61937.50917	1148	0.01
7360	-61937.50917	1148	0.01
7370	-61937.50917	1149	0.01
7380	-61937.50917	1149	0.01
7390	-61937.50917	1150	0.01
7400	-61937.50917	1150	0.01
7410	-61937.50917	1151	0.01
7420	-61937.50917	1151	0.01
7430	-61937.50917	1152	0.01
7440	-61937.50917	1152	0.01
7450	-61937.50917	1153	0.01
7460	-61937.50917	1153	0.01
7470	-61937.50917	1154	0.01
7480	-61937.50917	1154	0.01
7490	-61937.50917	1155	0.01
7500	-61937.50917	1155	0.01
7510	-61937.50917	1156	0.01
7520	-61937.50917	1156	0.01
7530	-61937.50917	1157	0.01
7540	-61937.50839	1157	0.01
7550	-61937.50839	1158	0.01
7560	-61937.50839	1158	0.01
7570	-61937.50839	1159	0.01
7580	-61937.50839	1159	0.01
7590	-61937.50839	1160	0.01
7600	-61937.50839	1160	0.01
7610	-61937.50839	1161	0.01
7620	-61937.50839	1161	0.01
7630	-61937.50839	1161	0.01
7640	-61937.50839	1162	0.01
7650	-61937.50839	1162	0.01
7660	-61937.50839	1163	0.01
7670	-61937.50839	1163	0.01
7680	-61937.50839	1164	0.01
7690	-61937.50839	1164	0.01
7700	-61937.50839	1165	0.01
7710	-61937.50839	1165	0.01
7720	-61937.50839	1166	0.01
7730	-61937.50839	1166	0.01
7740	-61937.50838	1167	0.01
7750	-61937.50838	1167	0.01
7760	-61937.50838	1168	0.01
7770	-61937.50793	1168	0.01
7780	-61937.50793	1169	0.01
7790	-61937.50793	1169	0.01
7800	-61937.50793	1170	0.01
7810	-61937.50793	1170	0.01
7820	-61937.50793	1171	0.01
7830	-61937.50793	1171	0.01
7840	-61937.50793	1171	0.01
7850	-61937.50793	1172	0.01
7860	-61937.50793	1172	0.01
7870	-61937.50793	1173	0.01
7880	-61937.50793	1173	0.01
7890	-61937.50793	1174	0.01
7900	-61937.50793	1174	0.01
7910	-61937.50793	1175	0.01
7920	-61937.50793	1175	0.01
7930	-61937.50793	1176	0.01
7940	-61937.50793	1176	0.01
7950	-61937.50793	1177	0.01
7960	-61937.50793	1177	0.01
7970	-61937.50793	1178	0.01
7980	-61937.50793	1178	0.01
7990	-61937.50793	1179	0.01
8000	-61937.50793	1179	0.01
8010	-61937.50793	1180	0.01
8020	-61937.50793	1180	0.01
8030	-61937.50793	1181	0.01
8040	-61937.50793	1181	0.01
8050	-61937.50793	1182	0.01
8060	-61937.50793	1182	0.01
8070	-61937.50793	1182	0.01
8080	-61937.50793	1183	0.01
8090	-61937.50793	1183	0.01
8100	-61937.50793	1184	0.01
8110	-61937.50793	1184	0.01
8120	-61937.50793	1185	0.01
8130	-61937.50793	1185	0.01
8140	-61937.50793	1186	0.01
8150	-61937.50793	1186	0.01
8160	-61937.50793	1187	0.01
8170	-61937.50793	1187	0.01
8180	-61937.50793	1187	0.01
8190	-61937.50171	1188	0.01
8200	-61937.50171	1188	0.01
8210	-61937.50171	1189	0.01
8220	-61937.50017	1189	0.01
8230	-61937.50017	1190	0.01
8240	-61937.50017	1190	0.01
8250	-61937.50017	1191	0.01
8260	-61937.50017	1191	0.01
8270	-61937.50017	1192	0.01
8280	-61937.50017	1192	0.01
8290	-61937.50017	1192	0.01
8300	-61937.50017	1193	0.01
8310	-61937.50017	1194	0.01
8320	-61937.50017	1194	0.01
8330	-61937.50017	1194	0.01
8340	-61937.50017	1195	0.01
8350	-61937.4964	1195	0.01
8360	-61937.4964	1196	0.01
8370	-61937.4964	1196	0.01
8380	-61937.4964	1197	0.01
8390	-61937.4964	1197	0.01
8400	-61937.4964	1198	0.01
8410	-61937.4964	1198	0.01
8420	-61937.4964	1199	0.01
8430	-61937.4964	1199	0.01
8440	-61937.4964	1200	0.01
8450	-61937.4964	1200	0.01
8460	-61937.4964	1201	0.01
8470	-61937.4964	1201	0.01
8480	-61937.4964	1201	0.01
8490	-61937.49633	1202	0.01
8500	-61937.49016	1202	0.01
8510	-61937.49016	1203	0.01
8520	-61937.4899	1203	0.01
8530	-61937.4899	1204	0.01
8540	-61937.4899	1204	0.01
8550	-61937.4899	1205	0.01
8560	-61937.4899	1205	0.01
8570	-61937.4899	1206	0.01
8580	-61937.4899	1206	0.01
8590	-61937.4899	1207	0.01
8600	-61937.4899	1207	0.01
8610	-61937.4899	1208	0.01
8620	-61937.4899	1208	0.01
8630	-61937.4899	1209	0.01
8640	-61937.4899	1209	0.01
8650	-61937.4899	1210	0.01
8660	-61937.4899	1210	0.01
8670	-61937.4899	1211	0.01
8680	-61937.4899	1211	0.01
8690	-61937.4899	1212	0.01
8700	-61937.48721	1212	0.01
8710	-61937.48721	1212	0.01
8720	-61937.48721	1213	0.01
8730	-61937.48721	1213	0.01
8740	-61937.48721	1214	0.01
8750	-61937.48721	1214	0.01
8760	-61937.48721	1215	0.01
8770	-61937.48721	1215	0.01
8780	-61937.48721	1216	0.01
8790	-61937.48721	1216	0.01
8800	-61937.48721	1217	0.01
8810	-61937.48721	1217	0.01
8820	-61937.48721	1218	0.01
8830	-61937.48721	1218	0.01
8840	-61937.48721	1219	0.01
8850	-61937.48721	1219	0.01
8860	-61937.48721	1219	0.01
8870	-61937.48721	1220	0.01
8880	-61937.48721	1220	0.01
8890	-61937.48721	1221	0.01
8900	-61937.48721	1221	0.01
8910	-61937.48721	1222	0.01
8920	-61937.48721	1222	0.01
8930	-61937.48721	1223	0.01
8940	-61937.48721	1223	0.01
8950	-61937.48721	1224	0.01
8960	-61937.48666	1224	0.01
8970	-61937.48666	1225	0.01
8980	-61937.48666	1225	0.01
8990	-61937.48666	1226	0.01
9000	-61937.48666	1226	0.01
9010	-61937.48666	1227	0.01
9020	-61937.48666	1227	0.01
9030	-61937.48666	1227	0.01
9040	-61937.48666	1228	0.01
9050	-61937.48666	1228	0.01
9060	-61937.48666	1229	0.01
9070	-61937.48666	1229	0.01
9080	-61937.48666	1230	0.01
9090	-61937.48666	1230	0.01
9100	-61937.48666	1231	0.01
9110	-61937.48666	1231	0.01
9120	-61937.48666	1232	0.01
9130	-61937.48666	1232	0.01
9140	-61937.48666	1233	0.01
9150	-61937.48666	1233	0.01
9160	-61937.48666	1234	0.01
9170	-61937.48512	1234	0.01
9180	-61937.48512	1235	0.01
9190	-61937.48512	1235	0.01
9200	-61937.48512	1236	0.01
9210	-61937.48512	1236	0.01
9220	-61937.48512	1237	0.01
9230	-61937.48512	1237	0.01
9240	-61937.48512	1238	0.01
9250	-61937.48512	1238	0.01
9260	-61937.48512	1239	0.01
9270	-61937.48502	1239	0.01
9280	-61937.48219	1240	0.01
9290	-61937.48219	1240	0.01
9300	-61937.48219	1241	0.01
9310	-61937.4821	1241	0.01
9320	-61937.4821	1241	0.01
9330	-61937.4821	1242	0.01
9340	-61937.4821	1243	0.01
9350	-61937.4821	1243	0.01
9360	-61937.4821	1243	0.01
9370	-61937.4821	1244	0.01
9380	-61937.4821	1244	0.01
9390	-61937.4821	1245	0.01
9400	-61937.4821	1245	0.01
9410	-61937.4821	1246	0.01
9420	-61937.4821	1246	0.01
9430	-61937.4821	1247	0.01
9440	-61937.4821	1247	0.01
9450	-61937.4821	1248	0.01
9460	-61937.4821	1248	0.01
9470	-61937.4821	1249	0.01
9480	-61937.4821	1249	0.01
9490	-61937.4821	1249	0.01
9500	-61937.4821	1250	0.01
9510	-61937.4821	1250	0.01
9520	-61937.4821	1251	0.01
9530	-61937.4821	1251	0.01
9540	-61937.4821	1252	0.01
9550	-61937.4821	1252	0.01
9560	-61937.47887	1253	0.01
9570	-61937.47563	1253	0.01
9580	-61937.47563	1254	0.01
9590	-61937.47563	1254	0.01
9600	-61937.47563	1255	0.01
9610	-61937.47563	1255	0.01
9620	-61937.47563	1256	0.01
9630	-61937.47563	1256	0.01
9640	-61937.4739	1257	0.01
9650	-61937.4739	1257	0.01
9660	-61937.4739	1258	0.01
9670	-61937.47217	1258	0.01
9680	-61937.47217	1259	0.01
9690	-61937.47217	1259	0.01
9700	-61937.47217	1259	0.01
9710	-61937.47217	1260	0.01
9720	-61937.47217	1260	0.01
9730	-61937.47217	1261	0.01
9740	-61937.47217	1261	0.01
9750	-61937.47217	1262	0.01
9760	-61937.47217	1262	0.01
9770	-61937.47217	1263	0.01
9780	-61937.47217	1263	0.01
9790	-61937.47217	1264	0.01
9800	-61937.47217	1264	0.01
9810	-61937.47217	1265	0.01
9820	-61937.47217	1265	0.01
9830	-61937.47217	1266	0.01
9840	-61937.47217	1266	0.01
9850	-61937.47217	1267	0.01
9860	-61937.47107	1267	0.01
9870	-61937.47107	1267	0.01
9880	-61937.47107	1268	0.01
9890	-61937.47107	1268	0.01
9900	-61937.47107	1269	0.01
9910	-61937.47107	1269	0.01
9920	-61937.47107	1270	0.01
9930	-61937.47107	1270	0.01
9940	-61937.47107	1271	0.01
9950	-61937.47107	1271	0.01
9960	-61937.47107	1272	0.01
9970	-61937.47107	1272	0.01
9980	-61937.47107	1273	0.01
9990	-61937.47107	1273	0.01
10000	-61937.47107	1274	0.01
10010	-61937.47107	1274	0.01
10020	-61937.47107	1274	0.01
10030	-61937.47074	1275	0.01
10040	-61937.47074	1275	0.01
10050	-61937.47074	1276	0.01
10060	-61937.47074	1276	0.01
10070	-61937.47074	1277	0.01
10080	-61937.47068	1277	0.01
10090	-61937.47068	1278	0.01
10100	-61937.47068	1278	0.01
10110	-61937.47068	1279	0.01
10120	-61937.47068	1279	0.01
10130	-61937.47068	1280	0.01
10140	-61937.46761	1280	0.01
10150	-61937.46761	1281	0.01
10160	-61937.46761	1281	0.01
10170	-61937.46761	1282	0.01
10180	-61937.46761	1282	0.01
10190	-61937.46761	1282	0.01
10200	-61937.46761	1283	0.01
10210	-61937.46761	1283	0.01
10220	-61937.46761	1284	0.01
10230	-61937.46698	1284	0.01
10240	-61937.46698	1285	0.01
10250	-61937.46698	1285	0.01
10260	-61937.46698	1286	0.01
10270	-61937.46698	1286	0.01
10280	-61937.46698	1287	0.01
10290	-61937.46698	1287	0.01
10300	-61937.466	1287	0.01
10310	-61937.466	1288	0.01
10320	-61937.466	1289	0.01
10330	-61937.46276	1289	0.01
10340	-61937.46249	1289	0.01
10350	-61937.46249	1290	0.01
10360	-61937.46249	1290	0.01
10370	-61937.46249	1291	0.01
10380	-61937.46249	1291	0.01
10390	-61937.46249	1292	0.01
10400	-61937.46249	1292	0.01
10410	-61937.46249	1293	0.01
10420	-61937.46249	1293	0.01
10430	-61937.46249	1294	0.01
10440	-61937.46246	1294	0.01
10450	-61937.46246	1295	0.01
10460	-61937.46246	1295	0.01
10470	-61937.46246	1296	0.01
10480	-61937.46246	1296	0.01
10490	-61937.45816	1296	0.01
10500	-61937.45816	1297	0.01
10510	-61937.45816	1297	0.01
10520	-61937.45816	1298	0.01
10530	-61937.45816	1298	0.01
10540	-61937.45816	1299	0.01
10550	-61937.45816	1299	0.01
10560	-61937.45816	1300	0.01
10570	-61937.45816	1300	0.01
10580	-61937.45816	1301	0.01
10590	-61937.45816	1301	0.01
10600	-61937.45816	1301	0.01
10610	-61937.45816	1302	0.01
10620	-61937.45816	1302	0.01
10630	-61937.45555	1303	0.01
10640	-61937.45555	1303	0.01
10650	-61937.45555	1304	0.01
10660	-61937.45555	1304	0.01
10670	-61937.45555	1305	0.01
10680	-61937.45555	1305	0.01
10690	-61937.45555	1306	0.01
10700	-61937.45555	1306	0.01
10710	-61937.45555	1307	0.01
10720	-61937.45555	1307	0.01
10730	-61937.45555	1308	0.01
10740	-61937.45555	1308	0.01
10750	-61937.45555	1309	0.01
10760	-61937.45555	1309	0.01
10770	-61937.45555	1310	0.01
10780	-61937.45555	1310	0.01
10790	-61937.45555	1311	0.01
10800	-61937.45555	1311	0.01
10810	-61937.45555	1311	0.01
10820	-61937.45555	1312	0.01
10830	-61937.45555	1312	0.01
10840	-61937.45555	1313	0.01
10850	-61937.45555	1313	0.01
10860	-61937.45555	1314	0.01
10870	-61937.45555	1314	0.01
10880	-61937.45555	1315	0.01
10890	-61937.45555	1315	0.01
10900	-61937.45555	1316	0.01
10910	-61937.45555	1316	0.01
10920	-61937.45555	1317	0.01
10930	-61937.44984	1317	0.01
10940	-61937.44984	1318	0.01
10950	-61937.44984	1318	0.01
10960	-61937.44975	1319	0.01
10970	-61937.44975	1319	0.01
10980	-61937.44975	1320	0.01
10990	-61937.44975	1320	0.01
11000	-61937.44975	1320	0.01
11010	-61937.44975	1321	0.01
11020	-61937.44975	1321	0.01
11030	-61937.44975	1322	0.01
11040	-61937.44975	1322	0.01
11050	-61937.44975	1323	0.01
11060	-61937.44975	1323	0.01
11070	-61937.44975	1324	0.01
11080	-61937.44975	1324	0.01
11090	-61937.44282	1325	0.01
11100	-61937.4428	1325	0.01
11110	-61937.4428	1326	0.01
11120	-61937.4428	1326	0.01
11130	-61937.4428	1327	0.01
11140	-61937.4428	1327	0.01
11150	-61937.44276	1328	0.01
11160	-61937.44276	1328	0.01
11170	-61937.44276	1329	0.01
11180	-61937.44276	1329	0.01
11190	-61937.44276	1330	0.01
11200	-61937.44276	1330	0.01
11210	-61937.44276	1331	0.01
11220	-61937.44276	1331	0.01
11230	-61937.44275	1332	0.01
11240	-61937.44275	1332	0.01
11250	-61937.44275	1333	0.01
11260	-61937.44275	1333	0.01
11270	-61937.44117	1333	0.01
11280	-61937.44117	1334	0.01
11290	-61937.44117	1334	0.01
11300	-61937.44117	1335	0.01
11310	-61937.44117	1335	0.01
11320	-61937.44117	1336	0.01
11330	-61937.44117	1336	0.01
11340	-61937.44117	1337	0.01
11350	-61937.44117	1337	0.01
11360	-61937.44117	1338	0.01
11370	-61937.44117	1338	0.01
11380	-61937.44117	1339	0.01
11390	-61937.44117	1339	0.01
11400	-61937.44117	1339	0.01
11410	-61937.44117	1340	0.01
11420	-61937.44117	1340	0.01
11430	-61937.44117	1341	0.01
11440	-61937.44117	1341	0.01
11450	-61937.44117	1342	0.01
11460	-61937.44117	1342	0.01
11470	-61937.44117	1343	0.01
11480	-61937.44117	1343	0.01
11490	-61937.44117	1344	0.01
11500	-61937.44117	1344	0.01
11510	-61937.44117	1345	0.01
11520	-61937.44117	1345	0.01
11530	-61937.44117	1345	0.01
11540	-61937.44117	1346	0.01
11550	-61937.44115	1346	0.01
11560	-61937.44115	1347	0.01
11570	-61937.44115	1347	0.01
11580	-61937.44115	1348	0.01
11590	-61937.44115	1348	0.01
11600	-61937.44115	1349	0.01
11610	-61937.44115	1349	0.01
11620	-61937.44115	1350	0.01
11630	-61937.44115	1350	0.01
11640	-61937.44115	1351	0.01
11650	-61937.44115	1351	0.01
11660	-61937.44115	1352	0.01
11670	-61937.44115	1352	0.01
11680	-61937.44115	1353	0.01
11690	-61937.44115	1353	0.01
11700	-61937.44115	1354	0.01
11710	-61937.44115	1354	0.01
11720	-61937.44115	1355	0.01
11730	-61937.44115	1355	0.01
11740	-61937.44109	1356	0.01
11750	-61937.44109	1356	0.01
11760	-61937.44109	1357	0.01
11770	-61937.44109	1357	0.01
11780	-61937.44109	1358	0.01
11790	-61937.44109	1358	0.01
11800	-61937.43987	1358	0.01
11810	-61937.43987	1359	0.01
11820	-61937.43967	1359	0.01
11830	-61937.43967	1360	0.01
11840	-61937.43967	1360	0.01
11850	-61937.43967	1361	0.01
11860	-61937.43967	1361	0.01
11870	-61937.43967	1362	0.01
11880	-61937.43526	1362	0.01
11890	-61937.43526	1363	0.01
11900	-61937.43523	1363	0.01
11910	-61937.43523	1364	0.01
11920	-61937.43523	1364	0.01
11930	-61937.43502	1365	0.01
11940	-61937.43466	1365	0.01
11950	-61937.43466	1366	0.01
11960	-61937.43466	1366	0.01
11970	-61937.43457	1366	0.01
11980	-61937.43457	1367	0.01
11990	-61937.43457	1367	0.01
12000	-61937.43457	1368	0.01
12010	-61937.43457	1368	0.01
12020	-61937.43457	1369	0.01
12030	-61937.434	1369	0.01
12040	-61937.434	1370	0.01
12050	-61937.434	1370	0.01
12060	-61937.43324	1371	0.01
12070	-61937.43324	1371	0.01
12080	-61937.43324	1372	0.01
12090	-61937.43324	1372	0.01
12100	-61937.43324	1372	0.01
12110	-61937.43324	1373	0.01
12120	-61937.43324	1373	0.01
12130	-61937.43324	1374	0.01
12140	-61937.43324	1374	0.01
12150	-61937.43324	1375	0.01
12160	-61937.43324	1375	0.01
12170	-61937.43324	1376	0.01
12180	-61937.43324	1376	0.01
12190	-61937.43324	1377	0.01
12200	-61937.43324	1377	0.01
12210	-61937.43324	1378	0.01
12220	-61937.43324	1378	0.01
12230	-61937.43324	1379	0.01
12240	-61937.43324	1379	0.01
12250	-61937.43324	1380	0.01
12260	-61937.43324	1380	0.01
12270	-61937.43324	1381	0.01
12280	-61937.43324	1381	0.01
12290	-61937.43324	1382	0.01
12300	-61937.43324	1382	0.01
12310	-61937.43324	1382	0.01
12320	-61937.43324	1383	0.01
12330	-61937.43324	1383	0.01
12340	-61937.43324	1384	0.01
12350	-61937.43324	1384	0.01
12360	-61937.43324	1385	0.01
12370	-61937.43324	1385	0.01
12380	-61937.43324	1386	0.01
12390	-61937.43324	1386	0.01
12400	-61937.43324	1387	0.01
12410	-61937.43324	1387	0.01
12420	-61937.43324	1388	0.01
12430	-61937.43324	1388	0.01
12440	-61937.43324	1389	0.01
12450	-61937.43324	1389	0.01
12460	-61937.43324	1390	0.01
12470	-61937.43324	1390	0.01
12480	-61937.43324	1390	0.01
12490	-61937.43324	1391	0.01
12500	-61937.43324	1391	0.01
12510	-61937.43324	1392	0.01
12520	-61937.43243	1392	0.01
12530	-61937.43243	1393	0.01
12540	-61937.43243	1393	0.01
12550	-61937.43243	1394	0.01
12560	-61937.43243	1394	0.01
12570	-61937.43022	1395	0.01
12580	-61937.43022	1395	0.01
12590	-61937.43022	1396	0.01
12600	-61937.43022	1396	0.01
12610	-61937.43022	1396	0.01
12620	-61937.43022	1397	0.01
12630	-61937.42937	1397	0.01
12640	-61937.42937	1398	0.01
12650	-61937.42937	1398	0.01
12660	-61937.42937	1399	0.01
12670	-61937.42937	1399	0.01
12680	-61937.42937	1400	0.01
12690	-61937.42937	1400	0.01
12700	-61937.42937	1400	0.01
12710	-61937.42937	1401	0.01
12720	-61937.42937	1401	0.01
12730	-61937.42937	1402	0.01
12740	-61937.42937	1402	0.01
12750	-61937.42506	1403	0.01
12760	-61937.42506	1403	0.01
12770	-61937.42506	1404	0.01
12780	-61937.42506	1404	0.01
12790	-61937.42506	1405	0.01
12800	-61937.42506	1405	0.01
12810	-61937.42506	1406	0.01
12820	-61937.42506	1406	0.01
12830	-61937.42506	1407	0.01
12840	-61937.42506	1407	0.01
12850	-61937.42506	1407	0.01
12860	-61937.42506	1408	0.01
12870	-61937.42506	1408	0.01
12880	-61937.42506	1409	0.01
12890	-61937.42506	1409	0.01
12900	-61937.42506	1410	0.01
12910	-61937.42506	1410	0.01
12920	-61937.42506	1411	0.01
12930	-61937.42506	1411	0.01
12940	-61937.425	1412	0.01
12950	-61937.425	1412	0.01
12960	-61937.425	1413	0.01
12970	-61937.425	1413	0.01
12980	-61937.425	1413	0.01
12990	-61937.425	1414	0.01
13000	-61937.425	1414	0.01
13010	-61937.425	1415	0.01
13020	-61937.425	1415	0.01
13030	-61937.425	1416	0.01
13040	-61937.425	1416	0.01
13050	-61937.425	1417	0.01
13060	-61937.425	1417	0.01
13070	-61937.42301	1418	0.01
13080	-61937.42301	1418	0.01
13090	-61937.42301	1418	0.01
13100	-61937.42301	1419	0.01
13110	-61937.42301	1419	0.01
13120	-61937.42301	1420	0.01
13130	-61937.42301	1420	0.01
13140	-61937.42301	1421	0.01
13150	-61937.42301	1421	0.01
13160	-61937.42301	1422	0.01
13170	-61937.42301	1422	0.01
13180	-61937.42293	1423	0.01
13190	-61937.42293	1423	0.01
13200	-61937.42293	1424	0.01
13210	-61937.42293	1424	0.01
13220	-61937.42293	1425	0.01
13230	-61937.42293	1425	0.01
13240	-61937.42293	1425	0.01
13250	-61937.42293	1426	0.01
13260	-61937.42293	1426	0.01
13270	-61937.42293	1427	0.01
13280	-61937.42293	1427	0.01
13290	-61937.42293	1428	0.01
13300	-61937.42293	1428	0.01
13310	-61937.42293	1429	0.01
13320	-61937.42293	1429	0.01
13330	-61937.42293	1430	0.01
13340	-61937.42293	1430	0.01
13350	-61937.42293	1431	0.01
13360	-61937.42293	1431	0.01
13370	-61937.42293	1432	0.01
13380	-61937.42293	1432	0.01
13390	-61937.42293	1433	0.01
13400	-61937.42293	1433	0.01
13410	-61937.42293	1434	0.01
13420	-61937.42293	1434	0.01
13430	-61937.42293	1435	0.01
13440	-61937.42293	1435	0.01
13450	-61937.42262	1436	0.01
13460	-61937.42262	1436	0.01
13470	-61937.42262	1437	0.01
13480	-61937.42262	1437	0.01
13490	-61937.42262	1438	0.01
13500	-61937.42262	1438	0.01
13510	-61937.42262	1439	0.01
13520	-61937.42262	1439	0.01
13530	-61937.42262	1440	0.01
13540	-61937.42262	1440	0.01
13550	-61937.42262	1440	0.01
13560	-61937.42262	1441	0.01
13570	-61937.42262	1441	0.01
13580	-61937.42262	1442	0.01
13590	-61937.42262	1442	0.01
13600	-61937.4222	1443	0.01
13610	-61937.4222	1443	0.01
13620	-61937.4222	1444	0.01
13630	-61937.4222	1444	0.01
13640	-61937.42046	1445	0.01
13650	-61937.42046	1445	0.01
13660	-61937.42046	1446	0.01
13670	-61937.42046	1446	0.01
13680	-61937.42046	1447	0.01
13690	-61937.42046	1447	0.01
13700	-61937.42046	1447	0.01
13710	-61937.42046	1448	0.01
13720	-61937.42046	1448	0.01
13730	-61937.42046	1449	0.01
13740	-61937.42046	1449	0.01
13750	-61937.42046	1450	0.01
13760	-61937.42046	1450	0.01
13770	-61937.42046	1451	0.01
13780	-61937.42046	1451	0.01
13790	-61937.42046	1452	0.01
13800	-61937.42046	1452	0.01
13810	-61937.41675	1453	0.01
13820	-61937.41675	1453	0.01
13830	-61937.41675	1453	0.01
13840	-61937.41675	1454	0.01
13850	-61937.41675	1454	0.01
13860	-61937.41675	1455	0.01
13870	-61937.41675	1455	0.01
13880	-61937.41675	1456	0.01
13890	-61937.41675	1456	0.01
13900	-61937.41675	1457	0.01
13910	-61937.41675	1457	0.01
13920	-61937.41675	1458	0.01
13930	-61937.41675	1458	0.01
13940	-61937.41675	1458	0.01
13950	-61937.41675	1459	0.01
13960	-61937.41675	1459	0.01
13970	-61937.41675	1460	0.01
13980	-61937.41675	1460	0.01
13990	-61937.41675	1461	0.01
14000	-61937.41675	1461	0.01
14010	-61937.41675	1462	0.01
14020	-61937.41675	1462	0.01
14030	-61937.41675	1462	0.01
14040	-61937.41675	1463	0.01
14050	-61937.41675	1463	0.01
14060	-61937.41675	1464	0.01
14070	-61937.41675	1464	0.01
14080	-61937.41675	1465	0.01
14090	-61937.41675	1465	0.01
14100	-61937.41675	1466	0.01
14110	-61937.41675	1466	0.01
14120	-61937.41675	1467	0.01
14130	-61937.41675	1467	0.01
14140	-61937.41675	1468	0.01
14150	-61937.41675	1468	0.01
14160	-61937.41675	1469	0.01
14170	-61937.41675	1469	0.01
14180	-61937.41675	1470	0.01
14190	-61937.41675	1470	0.01
14200	-61937.41675	1471	0.01
14210	-61937.41675	1471	0.01
14220	-61937.41675	1472	0.01
14230	-61937.41675	1472	0.01
14240	-61937.41675	1473	0.01
14250	-61937.41674	1473	0.01
14260	-61937.41674	1473	0.01
14270	-61937.41674	1474	0.01
14280	-61937.41674	1474	0.01
14290	-61937.41674	1475	0.01
14300	-61937.41652	1475	0.01
14310	-61937.41652	1476	0.01
14320	-61937.41652	1476	0.01
14330	-61937.41642	1477	0.01
14340	-61937.41642	1477	0.01
14350	-61937.41642	1478	0.01
14360	-61937.41642	1478	0.01
14370	-61937.41642	1479	0.01
14380	-61937.41642	1479	0.01
14390	-61937.41642	1480	0.01
14400	-61937.41642	1480	0.01
14410	-61937.41642	1481	0.01
14420	-61937.41642	1481	0.01
14430	-61937.41642	1482	0.01
14440	-61937.41642	1482	0.01
14450	-61937.41642	1483	0.01
14460	-61937.41642	1483	0.01
14470	-61937.41642	1483	0.01
14480	-61937.41642	1484	0.01
14490	-61937.41642	1484	0.01
14500	-61937.41607	1485	0.01
14510	-61937.41607	1485	0.01
14520	-61937.41607	1486	0.01
14530	-61937.41282	1486	0.01
14540	-61937.41282	1487	0.01
14550	-61937.41282	1487	0.01
14560	-61937.41282	1488	0.01
14570	-61937.41282	1488	0.01
14580	-61937.41282	1489	0.01
14590	-61937.41282	1489	0.01
14600	-61937.41282	1490	0.01
14610	-61937.41282	1490	0.01
14620	-61937.41282	1491	0.01
14630	-61937.41282	1491	0.01
14640	-61937.41282	1492	0.01
14650	-61937.41282	1492	0.01
14660	-61937.41282	1493	0.01
14670	-61937.41282	1493	0.01
14680	-61937.41282	1494	0.01
14690	-61937.41282	1494	0.01
14700	-61937.41282	1495	0.01
14710	-61937.41282	1495	0.01
14720	-61937.41282	1495	0.01
14730	-61937.41282	1496	0.01
14740	-61937.41282	1496	0.01
14750	-61937.41282	1497	0.01
14760	-61937.41282	1497	0.01
14770	-61937.41282	1498	0.01
14780	-61937.41282	1498	0.01
14790	-61937.41282	1499	0.01
14800	-61937.41282	1499	0.01
14810	-61937.41282	1500	0.01
14820	-61937.41282	1500	0.01
14830	-61937.41282	1501	0.01
14840	-61937.41282	1501	0.01
14850	-61937.41282	1502	0.01
14860	-61937.41282	1502	0.01
14870	-61937.41282	1503	0.01
14880	-61937.41282	1503	0.01
14890	-61937.41282	1503	0.01
14900	-61937.41282	1504	0.01
14910	-61937.41282	1504	0.01
14920	-61937.41282	1505	0.01
14930	-61937.41282	1505	0.01
14940	-61937.41282	1506	0.01
14950	-61937.41282	1506	0.01
14960	-61937.41282	1507	0.01
14970	-61937.41282	1507	0.01
14980	-61937.41282	1508	0.01
14990	-61937.41282	1508	0.01
15000	-61937.41282	1509	0.01
15010	-61937.38849	1510	0.01
15020	-61937.38849	1511	0.01
15030	-61937.38849	1511	0.01
15040	-61937.38849	1512	0.01
15050	-61937.38831	1513	0.01
15060	-61937.38831	1513	0.01
15070	-61937.38831	1514	0.01
15080	-61937.38831	1514	0.01
15090	-61937.38831	1515	0.01
15100	-61937.38831	1515	0.01
15110	-61937.38831	1516	0.01
15120	-61937.38831	1516	0.01
15130	-61937.38831	1517	0.01
15140	-61937.38831	1517	0.01
15150	-61937.38831	1518	0.01
15160	-61937.38831	1518	0.01
15170	-61937.38831	1519	0.01
15180	-61937.38831	1519	0.01
15190	-61937.38831	1520	0.01
15200	-61937.38831	1521	0.01
15210	-61937.38831	1521	0.01
15220	-61937.38831	1522	0.01
15230	-61937.38831	1522	0.01
15240	-61937.38831	1523	0.01
15250	-61937.38831	1523	0.01
15260	-61937.38831	1524	0.01
15270	-61937.38831	1524	0.01
15280	-61937.38831	1525	0.01
15290	-61937.38831	1525	0.01
15300	-61937.38831	1525	0.01
15310	-61937.38831	1526	0.01
15320	-61937.38831	1526	0.01
15330	-61937.38831	1527	0.01
15340	-61937.38831	1527	0.01
15350	-61937.38831	1528	0.01
15360	-61937.38831	1528	0.01
15370	-61937.38831	1529	0.01
15380	-61937.38829	1529	0.01
15390	-61937.38829	1530	0.01
15400	-61937.38829	1530	0.01
15410	-61937.38829	1530	0.01
15420	-61937.38829	1531	0.01
15430	-61937.38829	1531	0.01
15440	-61937.38829	1532	0.01
15450	-61937.3867	1533	0.01
15460	-61937.3867	1533	0.01
15470	-61937.3867	1533	0.01
15480	-61937.3867	1534	0.01
15490	-61937.3867	1535	0.01
15500	-61937.3867	1535	0.01
15510	-61937.3867	1535	0.01
15520	-61937.3867	1536	0.01
15530	-61937.3867	1537	0.01
15540	-61937.3867	1537	0.01
15550	-61937.3867	1537	0.01
15560	-61937.3867	1538	0.01
15570	-61937.3867	1538	0.01
15580	-61937.3867	1539	0.01
15590	-61937.3867	1539	0.01
15600	-61937.38545	1540	0.01
15610	-61937.38545	1540	0.01
15620	-61937.38545	1541	0.01
15630	-61937.38545	1541	0.01
15640	-61937.38545	1542	0.01
15650	-61937.38545	1542	0.01
15660	-61937.38545	1543	0.01
15670	-61937.38545	1543	0.01
15680	-61937.38545	1544	0.01
15690	-61937.38545	1544	0.01
15700	-61937.38545	1545	0.01
15710	-61937.38545	1545	0.01
15720	-61937.38545	1546	0.01
15730	-61937.38545	1546	0.01
15740	-61937.38545	1547	0.01
15750	-61937.38545	1547	0.01
15760	-61937.38545	1548	0.01
15770	-61937.38545	1548	0.01
15780	-61937.38545	1549	0.01
15790	-61937.38545	1549	0.01
15800	-61937.38545	1550	0.01
15810	-61937.38545	1550	0.01
15820	-61937.38091	1551	0.01
15830	-61937.38091	1551	0.01
15840	-61937.38091	1552	0.01
15850	-61937.38091	1552	0.01
15860	-61937.38067	1553	0.01
15870	-61937.38034	1553	0.01
15880	-61937.38034	1554	0.01
15890	-61937.37839	1554	0.01
15900	-61937.37839	1555	0.01
15910	-61937.37839	1555	0.01
15920	-61937.37839	1556	0.01
15930	-61937.37839	1556	0.01
15940	-61937.37839	1557	0.01
15950	-61937.37821	1557	0.01
15960	-61937.37821	1558	0.01
15970	-61937.37821	1558	0.01
15980	-61937.37821	1559	0.01
15990	-61937.37821	1559	0.01
16000	-61937.37821	1560	0.01
16010	-61937.37821	1560	0.01
16020	-61937.37821	1561	0.01
16030	-61937.37821	1561	0.01
16040	-61937.37821	1561	0.01
16050	-61937.37821	1562	0.01
16060	-61937.37821	1562	0.01
16070	-61937.37821	1563	0.01
16080	-61937.37821	1563	0.01
16090	-61937.37821	1564	0.01
16100	-61937.37821	1564	0.01
16110	-61937.37821	1565	0.01
16120	-61937.37821	1565	0.01
16130	-61937.37821	1566	0.01
16140	-61937.37821	1566	0.01
16150	-61937.37821	1567	0.01
16160	-61937.37821	1567	0.01
16170	-61937.37821	1567	0.01
16180	-61937.37821	1568	0.01
16190	-61937.37821	1568	0.01
16200	-61937.37821	1569	0.01
16210	-61937.37821	1569	0.01
16220	-61937.37821	1570	0.01
16230	-61937.37821	1570	0.01
16240	-61937.37821	1570	0.01
16250	-61937.37821	1571	0.01
16260	-61937.37821	1571	0.01
16270	-61937.37821	1572	0.01
16280	-61937.37821	1572	0.01
16290	-61937.37821	1573	0.01
16300	-61937.37821	1573	0.01
16310	-61937.37821	1574	0.01
16320	-61937.37821	1574	0.01
16330	-61937.37821	1575	0.01
16340	-61937.37821	1575	0.01
16350	-61937.37821	1576	0.01
16360	-61937.37821	1576	0.01
16370	-61937.37821	1576	0.01
16380	-61937.37821	1577	0.01
16390	-61937.37821	1577	0.01
16400	-61937.37821	1578	0.01
Score after final optimization: -61937.27016
Final	-61937.27016	1604	0.01
